{"level":30,"time":"17:45:38.206","app":"NewsCrawlerMaster","logger":"Bootstrap","dbName":"vn_express_news","logFile":"D:\\React_Native\\Demo\\NewsCrawler\\data\\logs\\news-crawler-2026-03-28.log","msg":"BOOTSTRAP_READY"}
{"level":30,"time":"17:45:38.207","app":"NewsCrawlerMaster","logger":"MasterWorker","enabled":true,"msg":"MASTER_WORKER_STARTING"}
{"level":40,"time":"17:45:38.211","app":"NewsCrawlerMaster","logger":"MasterWorker","msg":"CATEGORY_TABLE_EMPTY_FALLBACK_TO_SEEDS"}
{"level":30,"time":"17:45:38.211","app":"NewsCrawlerMaster","logger":"MasterWorker","count":5,"msg":"USING_SEED_URLS_FROM_ENV"}
{"level":30,"time":"17:45:38.211","app":"NewsCrawlerMaster","logger":"MasterWorker","totalSeeds":5,"perWorkerLimit":4,"msg":"MASTER_WORKERS_PLAN"}
{"level":30,"time":"17:45:38.212","app":"NewsCrawlerMaster","logger":"MasterWorker","seedUrl":"https://vnexpress.net","perWorkerLimit":4,"msg":"SPAWNED_WORKER_FOR_SEED"}
{"level":30,"time":"17:45:38.213","app":"NewsCrawlerMaster","logger":"MasterWorker","seedUrl":"https://dantri.com.vn","perWorkerLimit":4,"msg":"SPAWNED_WORKER_FOR_SEED"}
{"level":30,"time":"17:45:38.213","app":"NewsCrawlerMaster","logger":"MasterWorker","seedUrl":"https://tuoitre.vn","perWorkerLimit":4,"msg":"SPAWNED_WORKER_FOR_SEED"}
{"level":30,"time":"17:45:38.213","app":"NewsCrawlerMaster","logger":"MasterWorker","seedUrl":"https://thanhnien.vn","perWorkerLimit":4,"msg":"SPAWNED_WORKER_FOR_SEED"}
{"level":30,"time":"17:45:38.214","app":"NewsCrawlerMaster","logger":"MasterWorker","seedUrl":"https://zingnews.vn","perWorkerLimit":4,"msg":"SPAWNED_WORKER_FOR_SEED"}
{"level":30,"time":"17:45:38.256","app":"NewsCrawlerMaster","logger":"Worker-vnexpress-net","crawlInterval":3600,"cleanupInterval":3600,"seedUrl":"https://vnexpress.net","msg":"CRAWLER_WORKER_STARTED"}
{"level":30,"time":"17:45:38.261","app":"NewsCrawlerMaster","logger":"Worker-vnexpress-net","seedUrl":"https://vnexpress.net","msg":"CRAWL_CYCLE_START"}
{"level":30,"time":"17:45:38.268","app":"NewsCrawlerMaster","logger":"Worker-tuoitre-vn","crawlInterval":3600,"cleanupInterval":3600,"seedUrl":"https://tuoitre.vn","msg":"CRAWLER_WORKER_STARTED"}
{"level":30,"time":"17:45:38.336","app":"NewsCrawlerMaster","logger":"Worker-dantri-com-vn","crawlInterval":3600,"cleanupInterval":3600,"seedUrl":"https://dantri.com.vn","msg":"CRAWLER_WORKER_STARTED"}
{"level":30,"time":"17:45:38.336","app":"NewsCrawlerMaster","logger":"Worker-zingnews-vn","crawlInterval":3600,"cleanupInterval":3600,"seedUrl":"https://zingnews.vn","msg":"CRAWLER_WORKER_STARTED"}
{"level":30,"time":"17:45:38.336","app":"NewsCrawlerMaster","logger":"Worker-thanhnien-vn","crawlInterval":3600,"cleanupInterval":3600,"seedUrl":"https://thanhnien.vn","msg":"CRAWLER_WORKER_STARTED"}
{"level":30,"time":"17:45:38.339","app":"NewsCrawlerMaster","logger":"Worker-tuoitre-vn","seedUrl":"https://tuoitre.vn","msg":"CRAWL_CYCLE_START"}
{"level":30,"time":"17:45:38.343","app":"NewsCrawlerMaster","logger":"Worker-dantri-com-vn","seedUrl":"https://dantri.com.vn","msg":"CRAWL_CYCLE_START"}
{"level":30,"time":"17:45:38.344","app":"NewsCrawlerMaster","logger":"Worker-zingnews-vn","seedUrl":"https://zingnews.vn","msg":"CRAWL_CYCLE_START"}
{"level":30,"time":"17:45:38.344","app":"NewsCrawlerMaster","logger":"Worker-thanhnien-vn","seedUrl":"https://thanhnien.vn","msg":"CRAWL_CYCLE_START"}
{"level":30,"time":"17:45:41.857","app":"NewsCrawlerMaster","logger":"NewsCrawl","seedUrl":"https://thanhnien.vn","source":"thanhnien","msg":"SEED_SCAN_START"}
{"level":30,"time":"17:45:41.859","app":"NewsCrawlerMaster","logger":"NewsCrawl","seedUrl":"https://vnexpress.net","source":"vnexpress","msg":"SEED_SCAN_START"}
{"level":30,"time":"17:45:41.929","app":"NewsCrawlerMaster","logger":"NewsCrawl","seedUrl":"https://dantri.com.vn","source":"dantri","msg":"SEED_SCAN_START"}
{"level":30,"time":"17:45:41.940","app":"NewsCrawlerMaster","logger":"NewsCrawl","seedUrl":"https://tuoitre.vn","source":"tuoitre","msg":"SEED_SCAN_START"}
{"level":30,"time":"17:45:41.941","app":"NewsCrawlerMaster","logger":"NewsCrawl","seedUrl":"https://zingnews.vn","source":"zingnews","msg":"SEED_SCAN_START"}
{"level":30,"time":"17:45:45.565","app":"NewsCrawlerMaster","logger":"NewsCrawl","seedUrl":"https://vnexpress.net","source":"vnexpress","found":4,"msg":"SEED_SCAN_DONE"}
{"level":30,"time":"17:45:45.662","app":"NewsCrawlerMaster","logger":"NewsCrawl","seedUrl":"https://thanhnien.vn","source":"thanhnien","found":4,"msg":"SEED_SCAN_DONE"}
{"level":30,"time":"17:46:15.902","app":"NewsCrawlerMaster","logger":"Bootstrap","dbName":"vn_express_news","logFile":"D:\\React_Native\\Demo\\NewsCrawler\\data\\logs\\news-crawler-2026-03-28.log","msg":"BOOTSTRAP_READY"}
{"level":30,"time":"17:46:15.904","app":"NewsCrawlerMaster","logger":"MasterWorker","enabled":true,"msg":"MASTER_WORKER_STARTING"}
{"level":40,"time":"17:46:15.908","app":"NewsCrawlerMaster","logger":"MasterWorker","msg":"CATEGORY_TABLE_EMPTY_FALLBACK_TO_SEEDS"}
{"level":30,"time":"17:46:15.909","app":"NewsCrawlerMaster","logger":"MasterWorker","count":5,"msg":"USING_SEED_URLS_FROM_ENV"}
{"level":30,"time":"17:46:15.909","app":"NewsCrawlerMaster","logger":"MasterWorker","totalSeeds":5,"perWorkerLimit":4,"msg":"MASTER_WORKERS_PLAN"}
{"level":30,"time":"17:46:15.910","app":"NewsCrawlerMaster","logger":"MasterWorker","seedUrl":"https://vnexpress.net/the-gioi","perWorkerLimit":4,"msg":"SPAWNED_WORKER_FOR_SEED"}
{"level":30,"time":"17:46:15.911","app":"NewsCrawlerMaster","logger":"MasterWorker","seedUrl":"https://dantri.com.vn","perWorkerLimit":4,"msg":"SPAWNED_WORKER_FOR_SEED"}
{"level":30,"time":"17:46:15.912","app":"NewsCrawlerMaster","logger":"MasterWorker","seedUrl":"https://tuoitre.vn","perWorkerLimit":4,"msg":"SPAWNED_WORKER_FOR_SEED"}
{"level":30,"time":"17:46:15.912","app":"NewsCrawlerMaster","logger":"MasterWorker","seedUrl":"https://thanhnien.vn","perWorkerLimit":4,"msg":"SPAWNED_WORKER_FOR_SEED"}
{"level":30,"time":"17:46:15.913","app":"NewsCrawlerMaster","logger":"MasterWorker","seedUrl":"https://zingnews.vn","perWorkerLimit":4,"msg":"SPAWNED_WORKER_FOR_SEED"}
{"level":30,"time":"17:46:15.963","app":"NewsCrawlerMaster","logger":"Worker-vnexpress-net","crawlInterval":3600,"cleanupInterval":3600,"seedUrl":"https://vnexpress.net/the-gioi","msg":"CRAWLER_WORKER_STARTED"}
{"level":30,"time":"17:46:15.970","app":"NewsCrawlerMaster","logger":"Worker-vnexpress-net","seedUrl":"https://vnexpress.net/the-gioi","msg":"CRAWL_CYCLE_START"}
{"level":30,"time":"17:46:15.975","app":"NewsCrawlerMaster","logger":"Worker-dantri-com-vn","crawlInterval":3600,"cleanupInterval":3600,"seedUrl":"https://dantri.com.vn","msg":"CRAWLER_WORKER_STARTED"}
{"level":30,"time":"17:46:15.995","app":"NewsCrawlerMaster","logger":"Worker-dantri-com-vn","seedUrl":"https://dantri.com.vn","msg":"CRAWL_CYCLE_START"}
{"level":30,"time":"17:46:15.998","app":"NewsCrawlerMaster","logger":"Worker-zingnews-vn","crawlInterval":3600,"cleanupInterval":3600,"seedUrl":"https://zingnews.vn","msg":"CRAWLER_WORKER_STARTED"}
{"level":30,"time":"17:46:16.008","app":"NewsCrawlerMaster","logger":"Worker-tuoitre-vn","crawlInterval":3600,"cleanupInterval":3600,"seedUrl":"https://tuoitre.vn","msg":"CRAWLER_WORKER_STARTED"}
{"level":30,"time":"17:46:16.009","app":"NewsCrawlerMaster","logger":"Worker-thanhnien-vn","crawlInterval":3600,"cleanupInterval":3600,"seedUrl":"https://thanhnien.vn","msg":"CRAWLER_WORKER_STARTED"}
{"level":30,"time":"17:46:16.011","app":"NewsCrawlerMaster","logger":"Worker-zingnews-vn","seedUrl":"https://zingnews.vn","msg":"CRAWL_CYCLE_START"}
{"level":30,"time":"17:46:16.013","app":"NewsCrawlerMaster","logger":"Worker-tuoitre-vn","seedUrl":"https://tuoitre.vn","msg":"CRAWL_CYCLE_START"}
{"level":30,"time":"17:46:16.014","app":"NewsCrawlerMaster","logger":"Worker-thanhnien-vn","seedUrl":"https://thanhnien.vn","msg":"CRAWL_CYCLE_START"}
{"level":30,"time":"17:46:18.893","app":"NewsCrawlerMaster","logger":"NewsCrawl","seedUrl":"https://zingnews.vn","source":"zingnews","msg":"SEED_SCAN_START"}
{"level":30,"time":"17:46:18.896","app":"NewsCrawlerMaster","logger":"NewsCrawl","seedUrl":"https://dantri.com.vn","source":"dantri","msg":"SEED_SCAN_START"}
{"level":30,"time":"17:46:18.897","app":"NewsCrawlerMaster","logger":"NewsCrawl","seedUrl":"https://vnexpress.net/the-gioi","source":"vnexpress","msg":"SEED_SCAN_START"}
{"level":30,"time":"17:46:18.931","app":"NewsCrawlerMaster","logger":"NewsCrawl","seedUrl":"https://tuoitre.vn","source":"tuoitre","msg":"SEED_SCAN_START"}
{"level":30,"time":"17:46:18.961","app":"NewsCrawlerMaster","logger":"NewsCrawl","seedUrl":"https://thanhnien.vn","source":"thanhnien","msg":"SEED_SCAN_START"}
{"level":30,"time":"17:46:22.474","app":"NewsCrawlerMaster","logger":"NewsCrawl","seedUrl":"https://vnexpress.net/the-gioi","source":"vnexpress","found":4,"msg":"SEED_SCAN_DONE"}
{"level":30,"time":"17:46:23.507","app":"NewsCrawlerMaster","logger":"NewsCrawl","seedUrl":"https://thanhnien.vn","source":"thanhnien","found":4,"msg":"SEED_SCAN_DONE"}
{"level":30,"time":"17:46:30.089","app":"NewsCrawlerMaster","logger":"NewsCrawl","seedUrl":"https://tuoitre.vn","source":"tuoitre","found":4,"msg":"SEED_SCAN_DONE"}
{"level":30,"time":"17:46:31.875","app":"NewsCrawlerMaster","logger":"NewsCrawl","newsId":212,"title":"Arab Saudi - Ukraine ký thỏa thuận hợp tác quốc phòng","videoUrl":"https://d1.vnecdn.net/vnexpress/video/video/web/mp4/,240p,360p,480p,,/2026/03/27/arab-saudi-ukraine-ky-thoa-thuan-hop-tac-quoc-phong-1774620177/vne/master.m3u8","filePath":"d:\\React_Native\\Demo\\NewsCrawler\\data\\videos\\arab-saudi-ukraine-ky-thoa-thuan-hop-tac-quoc-phong-212.mp4","msg":"VIDEO_DOWNLOAD_START"}
{"level":30,"time":"17:46:35.724","app":"NewsCrawlerMaster","logger":"NewsCrawl","seedUrl":"https://zingnews.vn","source":"zingnews","found":4,"msg":"SEED_SCAN_DONE"}
{"level":30,"time":"17:46:59.297","app":"NewsCrawlerMaster","logger":"NewsCrawl","newsId":212,"filePath":"d:\\React_Native\\Demo\\NewsCrawler\\data\\videos\\arab-saudi-ukraine-ky-thoa-thuan-hop-tac-quoc-phong-212.mp4","msg":"VIDEO_DOWNLOAD_SUCCESS"}
{"level":30,"time":"17:46:59.953","app":"NewsCrawlerMaster","logger":"NewsCrawl","newsId":219,"title":"Israel tuyên bố tập kích trung tâm sản xuất tên lửa, thủy lôi ở Iran","videoUrl":"https://d1.vnecdn.net/vnexpress/video/video/web/mp4/,240p,360p,480p,,/2026/03/27/dan-chum-roi-xuong-tel-aviv-1774604815/vne/master.m3u8","filePath":"d:\\React_Native\\Demo\\NewsCrawler\\data\\videos\\israel-tuyen-bo-tap-kich-trung-tam-san-xuat-ten-lua-thuy-loi-o-iran-219.mp4","msg":"VIDEO_DOWNLOAD_START"}
{"level":30,"time":"17:47:03.172","app":"NewsCrawlerMaster","logger":"Worker-tuoitre-vn","seedUrl":"https://tuoitre.vn","source":"tuoitre","foundCount":4,"scannedCount":4,"savedCount":4,"existingCount":0,"extractFailedCount":0,"videoAttemptedCount":0,"videoDownloadedCount":0,"videoFailedCount":0,"noVideoCount":4,"durationMs":46782,"msg":"WORKER_SUMMARY"}
{"level":30,"time":"17:47:06.954","app":"NewsCrawlerMaster","logger":"NewsCrawl","seedUrl":"https://dantri.com.vn","source":"dantri","found":4,"msg":"SEED_SCAN_DONE"}
{"level":30,"time":"17:47:15.127","app":"NewsCrawlerMaster","logger":"Worker-zingnews-vn","seedUrl":"https://zingnews.vn","source":"zingnews","foundCount":4,"scannedCount":4,"savedCount":1,"existingCount":3,"extractFailedCount":0,"videoAttemptedCount":0,"videoDownloadedCount":0,"videoFailedCount":0,"noVideoCount":1,"durationMs":58787,"msg":"WORKER_SUMMARY"}
{"level":30,"time":"17:47:16.135","app":"NewsCrawlerMaster","logger":"NewsCrawl","newsId":219,"filePath":"d:\\React_Native\\Demo\\NewsCrawler\\data\\videos\\israel-tuyen-bo-tap-kich-trung-tam-san-xuat-ten-lua-thuy-loi-o-iran-219.mp4","msg":"VIDEO_DOWNLOAD_SUCCESS"}
{"level":30,"time":"17:47:24.647","app":"NewsCrawlerMaster","logger":"Worker-vnexpress-net","seedUrl":"https://vnexpress.net/the-gioi","source":"vnexpress","foundCount":4,"scannedCount":4,"savedCount":4,"existingCount":0,"extractFailedCount":0,"videoAttemptedCount":2,"videoDownloadedCount":2,"videoFailedCount":0,"noVideoCount":2,"durationMs":68287,"msg":"WORKER_SUMMARY"}
{"level":30,"time":"17:47:37.273","app":"NewsCrawlerMaster","logger":"Worker-thanhnien-vn","seedUrl":"https://thanhnien.vn","source":"thanhnien","foundCount":4,"scannedCount":4,"savedCount":4,"existingCount":0,"extractFailedCount":0,"videoAttemptedCount":0,"videoDownloadedCount":0,"videoFailedCount":0,"noVideoCount":4,"durationMs":79912,"msg":"WORKER_SUMMARY"}
{"level":30,"time":"17:47:46.932","app":"NewsCrawlerMaster","logger":"Worker-dantri-com-vn","seedUrl":"https://dantri.com.vn","source":"dantri","foundCount":4,"scannedCount":4,"savedCount":4,"existingCount":0,"extractFailedCount":0,"videoAttemptedCount":0,"videoDownloadedCount":0,"videoFailedCount":0,"noVideoCount":4,"durationMs":90607,"msg":"WORKER_SUMMARY"}
{"level":30,"time":"17:47:46.932","app":"NewsCrawlerMaster","logger":"MasterWorker","workers":5,"foundCount":20,"savedCount":17,"existingCount":3,"videoAttemptedCount":2,"videoDownloadedCount":2,"videoFailedCount":0,"noVideoCount":15,"durationMs":344375,"msg":"MASTER_SUMMARY"}
{"level":30,"time":"17:57:23.131","app":"NewsCrawlerMaster","logger":"Bootstrap","dbName":"vn_express_news","logFile":"D:\\React_Native\\Demo\\NewsCrawler\\data\\logs\\news-crawler-2026-03-28.log","msg":"BOOTSTRAP_READY"}
{"level":30,"time":"17:57:23.132","app":"NewsCrawlerMaster","logger":"MasterWorker","enabled":true,"msg":"MASTER_WORKER_STARTING"}
{"level":40,"time":"17:57:23.135","app":"NewsCrawlerMaster","logger":"MasterWorker","msg":"CATEGORY_TABLE_EMPTY_FALLBACK_TO_SEEDS"}
{"level":30,"time":"17:57:23.135","app":"NewsCrawlerMaster","logger":"MasterWorker","count":5,"msg":"USING_SEED_URLS_FROM_ENV"}
{"level":30,"time":"17:57:23.135","app":"NewsCrawlerMaster","logger":"MasterWorker","totalSeeds":5,"perWorkerLimit":4,"msg":"MASTER_WORKERS_PLAN"}
{"level":30,"time":"17:57:23.136","app":"NewsCrawlerMaster","logger":"MasterWorker","seedUrl":"https://vnexpress.net/the-gioi","perWorkerLimit":4,"msg":"SPAWNED_WORKER_FOR_SEED"}
{"level":30,"time":"17:57:23.138","app":"NewsCrawlerMaster","logger":"MasterWorker","seedUrl":"https://dantri.com.vn","perWorkerLimit":4,"msg":"SPAWNED_WORKER_FOR_SEED"}
{"level":30,"time":"17:57:23.139","app":"NewsCrawlerMaster","logger":"MasterWorker","seedUrl":"https://tuoitre.vn","perWorkerLimit":4,"msg":"SPAWNED_WORKER_FOR_SEED"}
{"level":30,"time":"17:57:23.139","app":"NewsCrawlerMaster","logger":"MasterWorker","seedUrl":"https://thanhnien.vn","perWorkerLimit":4,"msg":"SPAWNED_WORKER_FOR_SEED"}
{"level":30,"time":"17:57:23.140","app":"NewsCrawlerMaster","logger":"MasterWorker","seedUrl":"https://zingnews.vn","perWorkerLimit":4,"msg":"SPAWNED_WORKER_FOR_SEED"}
{"level":30,"time":"17:57:23.176","app":"NewsCrawlerMaster","logger":"Worker-dantri-com-vn","crawlInterval":3600,"cleanupInterval":3600,"seedUrl":"https://dantri.com.vn","msg":"CRAWLER_WORKER_STARTED"}
{"level":30,"time":"17:57:23.180","app":"NewsCrawlerMaster","logger":"Worker-dantri-com-vn","seedUrl":"https://dantri.com.vn","msg":"CRAWL_CYCLE_START"}
{"level":30,"time":"17:57:23.187","app":"NewsCrawlerMaster","logger":"Worker-thanhnien-vn","crawlInterval":3600,"cleanupInterval":3600,"seedUrl":"https://thanhnien.vn","msg":"CRAWLER_WORKER_STARTED"}
{"level":30,"time":"17:57:23.190","app":"NewsCrawlerMaster","logger":"Worker-tuoitre-vn","crawlInterval":3600,"cleanupInterval":3600,"seedUrl":"https://tuoitre.vn","msg":"CRAWLER_WORKER_STARTED"}
{"level":30,"time":"17:57:23.190","app":"NewsCrawlerMaster","logger":"Worker-zingnews-vn","crawlInterval":3600,"cleanupInterval":3600,"seedUrl":"https://zingnews.vn","msg":"CRAWLER_WORKER_STARTED"}
{"level":30,"time":"17:57:23.190","app":"NewsCrawlerMaster","logger":"Worker-vnexpress-net","crawlInterval":3600,"cleanupInterval":3600,"seedUrl":"https://vnexpress.net/the-gioi","msg":"CRAWLER_WORKER_STARTED"}
{"level":30,"time":"17:57:23.191","app":"NewsCrawlerMaster","logger":"Worker-thanhnien-vn","seedUrl":"https://thanhnien.vn","msg":"CRAWL_CYCLE_START"}
{"level":30,"time":"17:57:23.193","app":"NewsCrawlerMaster","logger":"NewsCrawl","seedUrl":"https://dantri.com.vn","categoryId":1,"categorySlug":"dantri.com.vn","msg":"CATEGORY_RESOLVED"}
{"level":30,"time":"17:57:23.195","app":"NewsCrawlerMaster","logger":"Worker-tuoitre-vn","seedUrl":"https://tuoitre.vn","msg":"CRAWL_CYCLE_START"}
{"level":30,"time":"17:57:23.195","app":"NewsCrawlerMaster","logger":"Worker-zingnews-vn","seedUrl":"https://zingnews.vn","msg":"CRAWL_CYCLE_START"}
{"level":30,"time":"17:57:23.196","app":"NewsCrawlerMaster","logger":"Worker-vnexpress-net","seedUrl":"https://vnexpress.net/the-gioi","msg":"CRAWL_CYCLE_START"}
{"level":30,"time":"17:57:23.216","app":"NewsCrawlerMaster","logger":"NewsCrawl","seedUrl":"https://thanhnien.vn","categoryId":2,"categorySlug":"thanhnien.vn","msg":"CATEGORY_RESOLVED"}
{"level":30,"time":"17:57:23.224","app":"NewsCrawlerMaster","logger":"NewsCrawl","seedUrl":"https://zingnews.vn","categoryId":3,"categorySlug":"zingnews.vn","msg":"CATEGORY_RESOLVED"}
{"level":30,"time":"17:57:23.224","app":"NewsCrawlerMaster","logger":"NewsCrawl","seedUrl":"https://vnexpress.net/the-gioi","categoryId":5,"categorySlug":"the-gioi","msg":"CATEGORY_RESOLVED"}
{"level":30,"time":"17:57:23.224","app":"NewsCrawlerMaster","logger":"NewsCrawl","seedUrl":"https://tuoitre.vn","categoryId":4,"categorySlug":"tuoitre.vn","msg":"CATEGORY_RESOLVED"}
{"level":30,"time":"17:57:25.788","app":"NewsCrawlerMaster","logger":"NewsCrawl","seedUrl":"https://thanhnien.vn","source":"thanhnien","msg":"SEED_SCAN_START"}
{"level":30,"time":"17:57:25.793","app":"NewsCrawlerMaster","logger":"NewsCrawl","seedUrl":"https://tuoitre.vn","source":"tuoitre","msg":"SEED_SCAN_START"}
{"level":30,"time":"17:57:25.810","app":"NewsCrawlerMaster","logger":"NewsCrawl","seedUrl":"https://dantri.com.vn","source":"dantri","msg":"SEED_SCAN_START"}
{"level":30,"time":"17:57:25.827","app":"NewsCrawlerMaster","logger":"NewsCrawl","seedUrl":"https://zingnews.vn","source":"zingnews","msg":"SEED_SCAN_START"}
{"level":30,"time":"17:57:25.856","app":"NewsCrawlerMaster","logger":"NewsCrawl","seedUrl":"https://vnexpress.net/the-gioi","source":"vnexpress","msg":"SEED_SCAN_START"}
{"level":30,"time":"17:57:28.805","app":"NewsCrawlerMaster","logger":"NewsCrawl","seedUrl":"https://vnexpress.net/the-gioi","source":"vnexpress","found":4,"msg":"SEED_SCAN_DONE"}
{"level":30,"time":"17:57:28.888","app":"NewsCrawlerMaster","logger":"NewsCrawl","seedUrl":"https://thanhnien.vn","source":"thanhnien","found":4,"msg":"SEED_SCAN_DONE"}
{"level":30,"time":"17:57:51.122","app":"NewsCrawlerMaster","logger":"NewsCrawl","seedUrl":"https://tuoitre.vn","source":"tuoitre","found":4,"msg":"SEED_SCAN_DONE"}
{"level":30,"time":"17:58:01.451","app":"NewsCrawlerMaster","logger":"NewsCrawl","newsId":234,"title":"Sự thật về video bầy chó trốn kẻ trộm, tìm đường về nhà","videoUrl":"https://d1.vnecdn.net/vnexpress/video/video/web/mp4/,240p,,/2026/03/27/video-7-con-cho-tron-ke-trom-tim-duong-ve-nha-bi-boc-tran-1774602400/vne/master.m3u8","filePath":"d:\\React_Native\\Demo\\NewsCrawler\\data\\videos\\su-that-ve-video-bay-cho-tron-ke-trom-tim-duong-ve-nha-234.mp4","msg":"VIDEO_DOWNLOAD_START"}
{"level":30,"time":"17:58:03.423","app":"NewsCrawlerMaster","logger":"NewsCrawl","newsId":234,"filePath":"d:\\React_Native\\Demo\\NewsCrawler\\data\\videos\\su-that-ve-video-bay-cho-tron-ke-trom-tim-duong-ve-nha-234.mp4","msg":"VIDEO_DOWNLOAD_SUCCESS"}
{"level":30,"time":"17:58:05.846","app":"NewsCrawlerMaster","logger":"NewsCrawl","newsId":236,"title":"Israel tuyên bố tập kích trung tâm sản xuất tên lửa, thủy lôi ở Iran","videoUrl":"https://d1.vnecdn.net/vnexpress/video/video/web/mp4/,240p,360p,480p,,/2026/03/27/dan-chum-roi-xuong-tel-aviv-1774604815/vne/master.m3u8","filePath":"d:\\React_Native\\Demo\\NewsCrawler\\data\\videos\\israel-tuyen-bo-tap-kich-trung-tam-san-xuat-ten-lua-thuy-loi-o-iran-236.mp4","msg":"VIDEO_DOWNLOAD_START"}
{"level":40,"time":"17:58:08.024","app":"NewsCrawlerMaster","logger":"NewsCrawl","seedUrl":"https://zingnews.vn","source":"zingnews","rawFound":0,"sampleUrls":[],"msg":"SEED_SCAN_FILTERED_ALL"}
{"level":30,"time":"17:58:08.027","app":"NewsCrawlerMaster","logger":"NewsCrawl","seedUrl":"https://zingnews.vn","source":"zingnews","found":0,"msg":"SEED_SCAN_DONE"}
{"level":40,"time":"17:58:08.111","app":"NewsCrawlerMaster","logger":"NewsCrawl","seedUrl":"https://zingnews.vn","source":"zingnews","msg":"SEED_CRAWL_EMPTY"}
{"level":30,"time":"17:58:08.628","app":"NewsCrawlerMaster","logger":"NewsCrawl","seedUrl":"https://dantri.com.vn","source":"dantri","found":4,"msg":"SEED_SCAN_DONE"}
{"level":30,"time":"17:58:09.611","app":"NewsCrawlerMaster","logger":"Worker-zingnews-vn","seedUrl":"https://zingnews.vn","source":"zingnews","foundCount":0,"scannedCount":0,"savedCount":0,"existingCount":0,"extractFailedCount":0,"videoAttemptedCount":0,"videoDownloadedCount":0,"videoFailedCount":0,"noVideoCount":0,"durationMs":44903,"msg":"WORKER_SUMMARY"}
{"level":30,"time":"17:58:11.462","app":"NewsCrawlerMaster","logger":"NewsCrawl","newsId":236,"filePath":"d:\\React_Native\\Demo\\NewsCrawler\\data\\videos\\israel-tuyen-bo-tap-kich-trung-tam-san-xuat-ten-lua-thuy-loi-o-iran-236.mp4","msg":"VIDEO_DOWNLOAD_SUCCESS"}
{"level":30,"time":"17:58:16.665","app":"NewsCrawlerMaster","logger":"NewsCrawl","newsId":239,"title":"Arab Saudi - Ukraine ký thỏa thuận hợp tác quốc phòng","videoUrl":"https://d1.vnecdn.net/vnexpress/video/video/web/mp4/,240p,360p,480p,,/2026/03/27/arab-saudi-ukraine-ky-thoa-thuan-hop-tac-quoc-phong-1774620177/vne/master.m3u8","filePath":"d:\\React_Native\\Demo\\NewsCrawler\\data\\videos\\arab-saudi-ukraine-ky-thoa-thuan-hop-tac-quoc-phong-239.mp4","msg":"VIDEO_DOWNLOAD_START"}
{"level":30,"time":"17:58:20.537","app":"NewsCrawlerMaster","logger":"NewsCrawl","newsId":239,"filePath":"d:\\React_Native\\Demo\\NewsCrawler\\data\\videos\\arab-saudi-ukraine-ky-thoa-thuan-hop-tac-quoc-phong-239.mp4","msg":"VIDEO_DOWNLOAD_SUCCESS"}
{"level":30,"time":"17:58:23.840","app":"NewsCrawlerMaster","logger":"Worker-thanhnien-vn","seedUrl":"https://thanhnien.vn","source":"thanhnien","foundCount":4,"scannedCount":4,"savedCount":4,"existingCount":0,"extractFailedCount":0,"videoAttemptedCount":0,"videoDownloadedCount":0,"videoFailedCount":0,"noVideoCount":4,"durationMs":59574,"msg":"WORKER_SUMMARY"}
{"level":30,"time":"17:58:23.861","app":"NewsCrawlerMaster","logger":"Worker-vnexpress-net","seedUrl":"https://vnexpress.net/the-gioi","source":"vnexpress","foundCount":4,"scannedCount":4,"savedCount":4,"existingCount":0,"extractFailedCount":0,"videoAttemptedCount":3,"videoDownloadedCount":3,"videoFailedCount":0,"noVideoCount":1,"durationMs":57403,"msg":"WORKER_SUMMARY"}
{"level":30,"time":"17:58:26.511","app":"NewsCrawlerMaster","logger":"Worker-tuoitre-vn","seedUrl":"https://tuoitre.vn","source":"tuoitre","foundCount":4,"scannedCount":4,"savedCount":4,"existingCount":0,"extractFailedCount":0,"videoAttemptedCount":0,"videoDownloadedCount":0,"videoFailedCount":0,"noVideoCount":4,"durationMs":62301,"msg":"WORKER_SUMMARY"}
{"level":30,"time":"17:58:42.008","app":"NewsCrawlerMaster","logger":"Worker-dantri-com-vn","seedUrl":"https://dantri.com.vn","source":"dantri","foundCount":4,"scannedCount":4,"savedCount":4,"existingCount":0,"extractFailedCount":0,"videoAttemptedCount":0,"videoDownloadedCount":0,"videoFailedCount":0,"noVideoCount":4,"durationMs":78453,"msg":"WORKER_SUMMARY"}
{"level":30,"time":"17:58:42.009","app":"NewsCrawlerMaster","logger":"MasterWorker","workers":5,"foundCount":16,"savedCount":16,"existingCount":0,"videoAttemptedCount":3,"videoDownloadedCount":3,"videoFailedCount":0,"noVideoCount":13,"durationMs":302634,"msg":"MASTER_SUMMARY"}
{"level":30,"time":"18:11:36.918","app":"NewsCrawlerMaster","logger":"Bootstrap","dbName":"vn_express_news","logFile":"D:\\React_Native\\Demo\\NewsCrawler\\data\\logs\\news-crawler-2026-03-28.log","msg":"BOOTSTRAP_READY"}
{"level":30,"time":"18:11:36.919","app":"NewsCrawlerMaster","logger":"MasterWorker","enabled":true,"seedsCount":5,"msg":"MASTER_WORKER_STARTING"}
{"level":30,"time":"18:11:36.919","app":"NewsCrawlerMaster","logger":"MasterWorker","totalSeeds":5,"perWorkerLimit":4,"msg":"MASTER_WORKERS_PLAN"}
{"level":30,"time":"18:11:36.920","app":"NewsCrawlerMaster","logger":"MasterWorker","seedUrl":"https://vnexpress.net/the-gioi","perWorkerLimit":4,"msg":"SPAWNED_WORKER_FOR_SEED"}
{"level":30,"time":"18:11:36.921","app":"NewsCrawlerMaster","logger":"MasterWorker","seedUrl":"https://dantri.com.vn","perWorkerLimit":4,"msg":"SPAWNED_WORKER_FOR_SEED"}
{"level":30,"time":"18:11:36.921","app":"NewsCrawlerMaster","logger":"MasterWorker","seedUrl":"https://tuoitre.vn","perWorkerLimit":4,"msg":"SPAWNED_WORKER_FOR_SEED"}
{"level":30,"time":"18:11:36.922","app":"NewsCrawlerMaster","logger":"MasterWorker","seedUrl":"https://thanhnien.vn","perWorkerLimit":4,"msg":"SPAWNED_WORKER_FOR_SEED"}
{"level":30,"time":"18:11:36.922","app":"NewsCrawlerMaster","logger":"MasterWorker","seedUrl":"https://zingnews.vn","perWorkerLimit":4,"msg":"SPAWNED_WORKER_FOR_SEED"}
{"level":30,"time":"18:11:36.962","app":"NewsCrawlerMaster","logger":"Worker-vnexpress-net","crawlInterval":3600,"cleanupInterval":3600,"seedUrl":"https://vnexpress.net/the-gioi","msg":"CRAWLER_WORKER_STARTED"}
{"level":30,"time":"18:11:36.967","app":"NewsCrawlerMaster","logger":"Worker-vnexpress-net","seedUrl":"https://vnexpress.net/the-gioi","msg":"CRAWL_CYCLE_START"}
{"level":30,"time":"18:11:36.971","app":"NewsCrawlerMaster","logger":"Worker-dantri-com-vn","crawlInterval":3600,"cleanupInterval":3600,"seedUrl":"https://dantri.com.vn","msg":"CRAWLER_WORKER_STARTED"}
{"level":30,"time":"18:11:36.972","app":"NewsCrawlerMaster","logger":"Worker-thanhnien-vn","crawlInterval":3600,"cleanupInterval":3600,"seedUrl":"https://thanhnien.vn","msg":"CRAWLER_WORKER_STARTED"}
{"level":30,"time":"18:11:36.975","app":"NewsCrawlerMaster","logger":"Worker-dantri-com-vn","seedUrl":"https://dantri.com.vn","msg":"CRAWL_CYCLE_START"}
{"level":30,"time":"18:11:36.976","app":"NewsCrawlerMaster","logger":"Worker-thanhnien-vn","seedUrl":"https://thanhnien.vn","msg":"CRAWL_CYCLE_START"}
{"level":30,"time":"18:11:36.976","app":"NewsCrawlerMaster","logger":"Worker-tuoitre-vn","crawlInterval":3600,"cleanupInterval":3600,"seedUrl":"https://tuoitre.vn","msg":"CRAWLER_WORKER_STARTED"}
{"level":30,"time":"18:11:36.978","app":"NewsCrawlerMaster","logger":"Worker-zingnews-vn","crawlInterval":3600,"cleanupInterval":3600,"seedUrl":"https://zingnews.vn","msg":"CRAWLER_WORKER_STARTED"}
{"level":30,"time":"18:11:36.983","app":"NewsCrawlerMaster","logger":"Worker-tuoitre-vn","seedUrl":"https://tuoitre.vn","msg":"CRAWL_CYCLE_START"}
{"level":30,"time":"18:11:36.983","app":"NewsCrawlerMaster","logger":"Worker-zingnews-vn","seedUrl":"https://zingnews.vn","msg":"CRAWL_CYCLE_START"}
{"level":30,"time":"18:11:36.984","app":"NewsCrawlerMaster","logger":"NewsCrawl","seedUrl":"https://vnexpress.net/the-gioi","categoryId":6,"categorySlug":"the-gioi","msg":"CATEGORY_RESOLVED"}
{"level":30,"time":"18:11:36.999","app":"NewsCrawlerMaster","logger":"NewsCrawl","seedUrl":"https://dantri.com.vn","categoryId":7,"categorySlug":"home","msg":"CATEGORY_RESOLVED"}
{"level":30,"time":"18:11:37.008","app":"NewsCrawlerMaster","logger":"NewsCrawl","seedUrl":"https://thanhnien.vn","categoryId":8,"categorySlug":"home","msg":"CATEGORY_RESOLVED"}
{"level":30,"time":"18:11:37.017","app":"NewsCrawlerMaster","logger":"NewsCrawl","seedUrl":"https://tuoitre.vn","categoryId":10,"categorySlug":"home","msg":"CATEGORY_RESOLVED"}
{"level":30,"time":"18:11:37.017","app":"NewsCrawlerMaster","logger":"NewsCrawl","seedUrl":"https://zingnews.vn","categoryId":9,"categorySlug":"home","msg":"CATEGORY_RESOLVED"}
{"level":30,"time":"18:11:39.429","app":"NewsCrawlerMaster","logger":"NewsCrawl","seedUrl":"https://zingnews.vn","source":"zingnews","msg":"SEED_SCAN_START"}
{"level":30,"time":"18:11:39.431","app":"NewsCrawlerMaster","logger":"NewsCrawl","seedUrl":"https://dantri.com.vn","source":"dantri","msg":"SEED_SCAN_START"}
{"level":30,"time":"18:11:39.439","app":"NewsCrawlerMaster","logger":"NewsCrawl","seedUrl":"https://tuoitre.vn","source":"tuoitre","msg":"SEED_SCAN_START"}
{"level":30,"time":"18:11:39.443","app":"NewsCrawlerMaster","logger":"NewsCrawl","seedUrl":"https://vnexpress.net/the-gioi","source":"vnexpress","msg":"SEED_SCAN_START"}
{"level":30,"time":"18:11:39.493","app":"NewsCrawlerMaster","logger":"NewsCrawl","seedUrl":"https://thanhnien.vn","source":"thanhnien","msg":"SEED_SCAN_START"}
{"level":30,"time":"18:11:45.191","app":"NewsCrawlerMaster","logger":"NewsCrawl","seedUrl":"https://thanhnien.vn","source":"thanhnien","found":4,"msg":"SEED_SCAN_DONE"}
{"level":30,"time":"18:11:45.393","app":"NewsCrawlerMaster","logger":"NewsCrawl","seedUrl":"https://dantri.com.vn","source":"dantri","found":4,"msg":"SEED_SCAN_DONE"}
{"level":30,"time":"18:11:45.838","app":"NewsCrawlerMaster","logger":"NewsCrawl","seedUrl":"https://vnexpress.net/the-gioi","source":"vnexpress","found":4,"msg":"SEED_SCAN_DONE"}
{"level":30,"time":"18:11:47.563","app":"NewsCrawlerMaster","logger":"NewsCrawl","seedUrl":"https://zingnews.vn","source":"zingnews","found":4,"msg":"SEED_SCAN_DONE"}
{"level":30,"time":"18:11:48.072","app":"NewsCrawlerMaster","logger":"NewsCrawl","newsId":247,"title":"Arab Saudi - Ukraine ký thỏa thuận hợp tác quốc phòng","videoUrl":"https://d1.vnecdn.net/vnexpress/video/video/web/mp4/,240p,360p,480p,,/2026/03/27/arab-saudi-ukraine-ky-thoa-thuan-hop-tac-quoc-phong-1774620177/vne/master.m3u8","filePath":"d:\\React_Native\\Demo\\NewsCrawler\\data\\videos\\arab-saudi-ukraine-ky-thoa-thuan-hop-tac-quoc-phong-247.mp4","msg":"VIDEO_DOWNLOAD_START"}
{"level":30,"time":"18:11:48.313","app":"NewsCrawlerMaster","logger":"NewsCrawl","seedUrl":"https://tuoitre.vn","source":"tuoitre","found":4,"msg":"SEED_SCAN_DONE"}
{"level":30,"time":"18:11:55.913","app":"NewsCrawlerMaster","logger":"NewsCrawl","newsId":247,"filePath":"d:\\React_Native\\Demo\\NewsCrawler\\data\\videos\\arab-saudi-ukraine-ky-thoa-thuan-hop-tac-quoc-phong-247.mp4","msg":"VIDEO_DOWNLOAD_SUCCESS"}
{"level":30,"time":"18:11:55.974","app":"NewsCrawlerMaster","logger":"NewsCrawl","newsId":250,"title":"Mỹ - Israel tấn công Iran","videoUrl":"https://streaming.znews.vn/GijqkHqSeyklAqoquM0f8A:8/1774721507/znews/video/2026/03/27/phuonglinh1/Iran_phong_ten_lua_moi/1080/index.m3u8","filePath":"d:\\React_Native\\Demo\\NewsCrawler\\data\\videos\\my-israel-tan-cong-iran-250.mp4","msg":"VIDEO_DOWNLOAD_START"}
{"level":30,"time":"18:11:58.793","app":"NewsCrawlerMaster","logger":"NewsCrawl","newsId":252,"title":"Israel tuyên bố tập kích trung tâm sản xuất tên lửa, thủy lôi ở Iran","videoUrl":"https://d1.vnecdn.net/vnexpress/video/video/web/mp4/,240p,360p,480p,,/2026/03/27/dan-chum-roi-xuong-tel-aviv-1774604815/vne/master.m3u8","filePath":"d:\\React_Native\\Demo\\NewsCrawler\\data\\videos\\israel-tuyen-bo-tap-kich-trung-tam-san-xuat-ten-lua-thuy-loi-o-iran-252.mp4","msg":"VIDEO_DOWNLOAD_START"}
{"level":30,"time":"18:12:10.128","app":"NewsCrawlerMaster","logger":"NewsCrawl","newsId":252,"filePath":"d:\\React_Native\\Demo\\NewsCrawler\\data\\videos\\israel-tuyen-bo-tap-kich-trung-tam-san-xuat-ten-lua-thuy-loi-o-iran-252.mp4","msg":"VIDEO_DOWNLOAD_SUCCESS"}
{"level":30,"time":"18:12:21.072","app":"NewsCrawlerMaster","logger":"Worker-dantri-com-vn","seedUrl":"https://dantri.com.vn","source":"dantri","foundCount":4,"scannedCount":4,"savedCount":4,"existingCount":0,"extractFailedCount":0,"videoAttemptedCount":0,"videoDownloadedCount":0,"videoFailedCount":0,"noVideoCount":4,"durationMs":42431,"msg":"WORKER_SUMMARY"}
{"level":30,"time":"18:12:21.289","app":"NewsCrawlerMaster","logger":"Worker-thanhnien-vn","seedUrl":"https://thanhnien.vn","source":"thanhnien","foundCount":4,"scannedCount":4,"savedCount":4,"existingCount":0,"extractFailedCount":0,"videoAttemptedCount":0,"videoDownloadedCount":0,"videoFailedCount":0,"noVideoCount":4,"durationMs":43009,"msg":"WORKER_SUMMARY"}
{"level":30,"time":"18:12:23.063","app":"NewsCrawlerMaster","logger":"Worker-tuoitre-vn","seedUrl":"https://tuoitre.vn","source":"tuoitre","foundCount":4,"scannedCount":4,"savedCount":4,"existingCount":0,"extractFailedCount":0,"videoAttemptedCount":0,"videoDownloadedCount":0,"videoFailedCount":0,"noVideoCount":4,"durationMs":45427,"msg":"WORKER_SUMMARY"}
{"level":30,"time":"18:12:26.553","app":"NewsCrawlerMaster","logger":"NewsCrawl","newsId":263,"title":"Iran dọa chặn mọi tàu liên quan các 'cảng thù địch'","videoUrl":"https://content1.avplayer.com/5b59760c073ef46a2e6b8f13/videos/6822f7f24ba0ca83d609a423/hls/video.m3u8","filePath":"d:\\React_Native\\Demo\\NewsCrawler\\data\\videos\\iran-doa-chan-moi-tau-lien-quan-cac-cang-thu-dich-263.mp4","msg":"VIDEO_DOWNLOAD_START"}
{"level":30,"time":"18:12:28.129","app":"NewsCrawlerMaster","logger":"NewsCrawl","newsId":250,"filePath":"d:\\React_Native\\Demo\\NewsCrawler\\data\\videos\\my-israel-tan-cong-iran-250.mp4","msg":"VIDEO_DOWNLOAD_SUCCESS"}
{"level":30,"time":"18:12:30.660","app":"NewsCrawlerMaster","logger":"NewsCrawl","newsId":263,"filePath":"d:\\React_Native\\Demo\\NewsCrawler\\data\\videos\\iran-doa-chan-moi-tau-lien-quan-cac-cang-thu-dich-263.mp4","msg":"VIDEO_DOWNLOAD_SUCCESS"}
{"level":30,"time":"18:12:31.015","app":"NewsCrawlerMaster","logger":"Worker-vnexpress-net","seedUrl":"https://vnexpress.net/the-gioi","source":"vnexpress","foundCount":4,"scannedCount":4,"savedCount":4,"existingCount":0,"extractFailedCount":0,"videoAttemptedCount":3,"videoDownloadedCount":3,"videoFailedCount":0,"noVideoCount":1,"durationMs":53698,"msg":"WORKER_SUMMARY"}
{"level":30,"time":"18:12:44.344","app":"NewsCrawlerMaster","logger":"NewsCrawl","newsId":265,"title":"Đại hội Hội Xuất bản Việt Nam lần thứ V","videoUrl":"https://video.znews.vn/6ac36e6e5ee2cd67b970f48c3540d89f/69c6f2c3/2023_07_13/dinhhung/daihoiv.mp4","filePath":"d:\\React_Native\\Demo\\NewsCrawler\\data\\videos\\dai-hoi-hoi-xuat-ban-viet-nam-lan-thu-v-265.mp4","msg":"VIDEO_DOWNLOAD_START"}
{"level":30,"time":"18:13:10.322","app":"NewsCrawlerMaster","logger":"NewsCrawl","newsId":265,"filePath":"d:\\React_Native\\Demo\\NewsCrawler\\data\\videos\\dai-hoi-hoi-xuat-ban-viet-nam-lan-thu-v-265.mp4","msg":"VIDEO_DOWNLOAD_SUCCESS"}
{"level":30,"time":"18:13:18.677","app":"NewsCrawlerMaster","logger":"Worker-zingnews-vn","seedUrl":"https://zingnews.vn","source":"zingnews","foundCount":4,"scannedCount":4,"savedCount":4,"existingCount":0,"extractFailedCount":0,"videoAttemptedCount":2,"videoDownloadedCount":2,"videoFailedCount":0,"noVideoCount":2,"durationMs":101421,"msg":"WORKER_SUMMARY"}
{"level":30,"time":"18:13:18.677","app":"NewsCrawlerMaster","logger":"MasterWorker","workers":5,"foundCount":20,"savedCount":20,"existingCount":0,"videoAttemptedCount":5,"videoDownloadedCount":5,"videoFailedCount":0,"noVideoCount":15,"durationMs":285986,"msg":"MASTER_SUMMARY"}
{"level":30,"time":"18:20:33.693","app":"NewsCrawlerMaster","logger":"Bootstrap","dbName":"vn_express_news","logFile":"D:\\React_Native\\Demo\\NewsCrawler\\data\\logs\\news-crawler-2026-03-28.log","msg":"BOOTSTRAP_READY"}
{"level":30,"time":"18:20:33.694","app":"NewsCrawlerMaster","logger":"MasterWorker","enabled":true,"seedsCount":5,"msg":"MASTER_WORKER_STARTING"}
{"level":30,"time":"18:20:33.695","app":"NewsCrawlerMaster","logger":"MasterWorker","totalSeeds":5,"perWorkerLimit":4,"msg":"MASTER_WORKERS_PLAN"}
{"level":30,"time":"18:20:33.695","app":"NewsCrawlerMaster","logger":"MasterWorker","seedUrl":"https://vnexpress.net/the-gioi","perWorkerLimit":4,"msg":"SPAWNED_WORKER_FOR_SEED"}
{"level":30,"time":"18:20:33.696","app":"NewsCrawlerMaster","logger":"MasterWorker","seedUrl":"https://dantri.com.vn","perWorkerLimit":4,"msg":"SPAWNED_WORKER_FOR_SEED"}
{"level":30,"time":"18:20:33.696","app":"NewsCrawlerMaster","logger":"MasterWorker","seedUrl":"https://tuoitre.vn","perWorkerLimit":4,"msg":"SPAWNED_WORKER_FOR_SEED"}
{"level":30,"time":"18:20:33.697","app":"NewsCrawlerMaster","logger":"MasterWorker","seedUrl":"https://thanhnien.vn","perWorkerLimit":4,"msg":"SPAWNED_WORKER_FOR_SEED"}
{"level":30,"time":"18:20:33.697","app":"NewsCrawlerMaster","logger":"MasterWorker","seedUrl":"https://zingnews.vn","perWorkerLimit":4,"msg":"SPAWNED_WORKER_FOR_SEED"}
{"level":30,"time":"18:20:33.732","app":"NewsCrawlerMaster","logger":"Worker-dantri-com-vn","crawlInterval":3600,"cleanupInterval":3600,"seedUrl":"https://dantri.com.vn","msg":"CRAWLER_WORKER_STARTED"}
{"level":30,"time":"18:20:33.736","app":"NewsCrawlerMaster","logger":"Worker-dantri-com-vn","seedUrl":"https://dantri.com.vn","msg":"CRAWL_CYCLE_START"}
{"level":30,"time":"18:20:33.738","app":"NewsCrawlerMaster","logger":"Worker-zingnews-vn","crawlInterval":3600,"cleanupInterval":3600,"seedUrl":"https://zingnews.vn","msg":"CRAWLER_WORKER_STARTED"}
{"level":30,"time":"18:20:33.741","app":"NewsCrawlerMaster","logger":"Worker-tuoitre-vn","crawlInterval":3600,"cleanupInterval":3600,"seedUrl":"https://tuoitre.vn","msg":"CRAWLER_WORKER_STARTED"}
{"level":30,"time":"18:20:33.741","app":"NewsCrawlerMaster","logger":"Worker-zingnews-vn","seedUrl":"https://zingnews.vn","msg":"CRAWL_CYCLE_START"}
{"level":30,"time":"18:20:33.743","app":"NewsCrawlerMaster","logger":"NewsCrawl","seedUrl":"https://dantri.com.vn","categoryId":7,"categorySlug":"home","msg":"CATEGORY_RESOLVED"}
{"level":30,"time":"18:20:33.756","app":"NewsCrawlerMaster","logger":"Worker-vnexpress-net","crawlInterval":3600,"cleanupInterval":3600,"seedUrl":"https://vnexpress.net/the-gioi","msg":"CRAWLER_WORKER_STARTED"}
{"level":30,"time":"18:20:33.756","app":"NewsCrawlerMaster","logger":"Worker-tuoitre-vn","seedUrl":"https://tuoitre.vn","msg":"CRAWL_CYCLE_START"}
{"level":30,"time":"18:20:33.758","app":"NewsCrawlerMaster","logger":"NewsCrawl","seedUrl":"https://zingnews.vn","categoryId":9,"categorySlug":"home","msg":"CATEGORY_RESOLVED"}
{"level":30,"time":"18:20:33.766","app":"NewsCrawlerMaster","logger":"Worker-vnexpress-net","seedUrl":"https://vnexpress.net/the-gioi","msg":"CRAWL_CYCLE_START"}
{"level":30,"time":"18:20:33.767","app":"NewsCrawlerMaster","logger":"Worker-thanhnien-vn","crawlInterval":3600,"cleanupInterval":3600,"seedUrl":"https://thanhnien.vn","msg":"CRAWLER_WORKER_STARTED"}
{"level":30,"time":"18:20:33.768","app":"NewsCrawlerMaster","logger":"NewsCrawl","seedUrl":"https://tuoitre.vn","categoryId":10,"categorySlug":"home","msg":"CATEGORY_RESOLVED"}
{"level":30,"time":"18:20:33.780","app":"NewsCrawlerMaster","logger":"NewsCrawl","seedUrl":"https://vnexpress.net/the-gioi","categoryId":6,"categorySlug":"the-gioi","msg":"CATEGORY_RESOLVED"}
{"level":30,"time":"18:20:33.781","app":"NewsCrawlerMaster","logger":"Worker-thanhnien-vn","seedUrl":"https://thanhnien.vn","msg":"CRAWL_CYCLE_START"}
{"level":30,"time":"18:20:33.796","app":"NewsCrawlerMaster","logger":"NewsCrawl","seedUrl":"https://thanhnien.vn","categoryId":8,"categorySlug":"home","msg":"CATEGORY_RESOLVED"}
{"level":30,"time":"18:20:36.119","app":"NewsCrawlerMaster","logger":"NewsCrawl","seedUrl":"https://dantri.com.vn","source":"dantri","msg":"SEED_SCAN_START"}
{"level":30,"time":"18:20:36.122","app":"NewsCrawlerMaster","logger":"NewsCrawl","seedUrl":"https://thanhnien.vn","source":"thanhnien","msg":"SEED_SCAN_START"}
{"level":30,"time":"18:20:36.125","app":"NewsCrawlerMaster","logger":"NewsCrawl","seedUrl":"https://tuoitre.vn","source":"tuoitre","msg":"SEED_SCAN_START"}
{"level":30,"time":"18:20:36.126","app":"NewsCrawlerMaster","logger":"NewsCrawl","seedUrl":"https://vnexpress.net/the-gioi","source":"vnexpress","msg":"SEED_SCAN_START"}
{"level":30,"time":"18:20:36.141","app":"NewsCrawlerMaster","logger":"NewsCrawl","seedUrl":"https://zingnews.vn","source":"zingnews","msg":"SEED_SCAN_START"}
{"level":30,"time":"18:20:38.605","app":"NewsCrawlerMaster","logger":"NewsCrawl","seedUrl":"https://thanhnien.vn","source":"thanhnien","found":4,"msg":"SEED_SCAN_DONE"}
{"level":30,"time":"18:21:00.273","app":"NewsCrawlerMaster","logger":"NewsCrawl","seedUrl":"https://vnexpress.net/the-gioi","source":"vnexpress","found":4,"msg":"SEED_SCAN_DONE"}
{"level":30,"time":"18:21:01.802","app":"NewsCrawlerMaster","logger":"NewsCrawl","seedUrl":"https://zingnews.vn","source":"zingnews","found":4,"msg":"SEED_SCAN_DONE"}
{"level":30,"time":"18:21:03.286","app":"NewsCrawlerMaster","logger":"NewsCrawl","newsId":268,"dupPath":"d:\\React_Native\\Demo\\NewsCrawler\\data\\videos\\israel-tuyen-bo-tap-kich-trung-tam-san-xuat-ten-lua-thuy-loi-o-iran-252.mp4","msg":"VIDEO_DUPLICATE_FOUND"}
{"level":30,"time":"18:21:08.438","app":"NewsCrawlerMaster","logger":"NewsCrawl","seedUrl":"https://dantri.com.vn","source":"dantri","found":4,"msg":"SEED_SCAN_DONE"}
{"level":30,"time":"18:21:10.122","app":"NewsCrawlerMaster","logger":"NewsCrawl","seedUrl":"https://tuoitre.vn","source":"tuoitre","found":4,"msg":"SEED_SCAN_DONE"}
{"level":30,"time":"18:21:10.354","app":"NewsCrawlerMaster","logger":"NewsCrawl","newsId":269,"dupPath":"d:\\React_Native\\Demo\\NewsCrawler\\data\\videos\\my-israel-tan-cong-iran-250.mp4","msg":"VIDEO_DUPLICATE_FOUND"}
{"level":30,"time":"18:21:17.319","app":"NewsCrawlerMaster","logger":"NewsCrawl","newsId":270,"title":"Thẩm phán Anh khen Barron Trump 'cứu mạng bạn từ xa'","videoUrl":"https://content1.avplayer.com/5b59760c073ef46a2e6b8f13/videos/6822f7f24ba0ca83d609a423/hls/video.m3u8","filePath":"d:\\React_Native\\Demo\\NewsCrawler\\data\\videos\\tham-phan-anh-khen-barron-trump-cuu-mang-ban-tu-xa-270.mp4","msg":"VIDEO_DOWNLOAD_START"}
{"level":30,"time":"18:21:22.687","app":"NewsCrawlerMaster","logger":"NewsCrawl","newsId":270,"filePath":"d:\\React_Native\\Demo\\NewsCrawler\\data\\videos\\tham-phan-anh-khen-barron-trump-cuu-mang-ban-tu-xa-270.mp4","msg":"VIDEO_DOWNLOAD_SUCCESS"}
{"level":30,"time":"18:21:25.538","app":"NewsCrawlerMaster","logger":"NewsCrawl","newsId":275,"dupPath":"d:\\React_Native\\Demo\\NewsCrawler\\data\\videos\\arab-saudi-ukraine-ky-thoa-thuan-hop-tac-quoc-phong-247.mp4","msg":"VIDEO_DUPLICATE_FOUND"}
{"level":30,"time":"18:21:28.986","app":"NewsCrawlerMaster","logger":"NewsCrawl","newsId":277,"dupPath":"d:\\React_Native\\Demo\\NewsCrawler\\data\\videos\\dai-hoi-hoi-xuat-ban-viet-nam-lan-thu-v-265.mp4","msg":"VIDEO_DUPLICATE_FOUND"}
{"level":30,"time":"18:21:31.035","app":"NewsCrawlerMaster","logger":"NewsCrawl","newsId":279,"dupPath":"d:\\React_Native\\Demo\\NewsCrawler\\data\\videos\\su-that-ve-video-bay-cho-tron-ke-trom-tim-duong-ve-nha-234.mp4","msg":"VIDEO_DUPLICATE_FOUND"}
{"level":30,"time":"18:21:42.958","app":"NewsCrawlerMaster","logger":"Worker-vnexpress-net","seedUrl":"https://vnexpress.net/the-gioi","source":"vnexpress","foundCount":4,"scannedCount":4,"savedCount":4,"existingCount":0,"extractFailedCount":0,"videoAttemptedCount":4,"videoDownloadedCount":4,"videoFailedCount":0,"noVideoCount":0,"durationMs":57274,"msg":"WORKER_SUMMARY"}
{"level":30,"time":"18:21:42.992","app":"NewsCrawlerMaster","logger":"Worker-zingnews-vn","seedUrl":"https://zingnews.vn","source":"zingnews","foundCount":4,"scannedCount":4,"savedCount":4,"existingCount":0,"extractFailedCount":0,"videoAttemptedCount":2,"videoDownloadedCount":2,"videoFailedCount":0,"noVideoCount":2,"durationMs":63577,"msg":"WORKER_SUMMARY"}
{"level":30,"time":"18:21:43.206","app":"NewsCrawlerMaster","logger":"Worker-thanhnien-vn","seedUrl":"https://thanhnien.vn","source":"thanhnien","foundCount":4,"scannedCount":4,"savedCount":4,"existingCount":0,"extractFailedCount":0,"videoAttemptedCount":0,"videoDownloadedCount":0,"videoFailedCount":0,"noVideoCount":4,"durationMs":68304,"msg":"WORKER_SUMMARY"}
{"level":30,"time":"18:21:43.310","app":"NewsCrawlerMaster","logger":"Worker-dantri-com-vn","seedUrl":"https://dantri.com.vn","source":"dantri","foundCount":4,"scannedCount":4,"savedCount":4,"existingCount":0,"extractFailedCount":0,"videoAttemptedCount":0,"videoDownloadedCount":0,"videoFailedCount":0,"noVideoCount":4,"durationMs":68654,"msg":"WORKER_SUMMARY"}
{"level":30,"time":"18:21:46.216","app":"NewsCrawlerMaster","logger":"Worker-tuoitre-vn","seedUrl":"https://tuoitre.vn","source":"tuoitre","foundCount":4,"scannedCount":4,"savedCount":4,"existingCount":0,"extractFailedCount":0,"videoAttemptedCount":0,"videoDownloadedCount":0,"videoFailedCount":0,"noVideoCount":4,"durationMs":72001,"msg":"WORKER_SUMMARY"}
{"level":30,"time":"18:21:46.216","app":"NewsCrawlerMaster","logger":"MasterWorker","workers":5,"foundCount":20,"savedCount":20,"existingCount":0,"videoAttemptedCount":6,"videoDownloadedCount":6,"videoFailedCount":0,"noVideoCount":14,"durationMs":329810,"msg":"MASTER_SUMMARY"}
{"level":30,"time":"18:49:57.067","app":"NewsCrawlerMaster","logger":"Bootstrap","dbName":"vn_express_news","logFile":"D:\\React_Native\\Demo\\NewsCrawler\\data\\logs\\news-crawler-2026-03-28.log","msg":"BOOTSTRAP_READY"}
{"level":30,"time":"18:49:57.068","app":"NewsCrawlerMaster","logger":"MasterWorker","enabled":true,"seedsCount":5,"msg":"MASTER_WORKER_STARTING"}
{"level":30,"time":"18:49:57.069","app":"NewsCrawlerMaster","logger":"MasterWorker","totalSeeds":5,"perWorkerLimit":4,"msg":"MASTER_WORKERS_PLAN"}
{"level":30,"time":"18:49:57.069","app":"NewsCrawlerMaster","logger":"MasterWorker","seedUrl":"https://vnexpress.net/the-gioi","perWorkerLimit":4,"msg":"SPAWNED_WORKER_FOR_SEED"}
{"level":30,"time":"18:49:57.070","app":"NewsCrawlerMaster","logger":"MasterWorker","seedUrl":"https://dantri.com.vn","perWorkerLimit":4,"msg":"SPAWNED_WORKER_FOR_SEED"}
{"level":30,"time":"18:49:57.070","app":"NewsCrawlerMaster","logger":"MasterWorker","seedUrl":"https://tuoitre.vn","perWorkerLimit":4,"msg":"SPAWNED_WORKER_FOR_SEED"}
{"level":30,"time":"18:49:57.070","app":"NewsCrawlerMaster","logger":"MasterWorker","seedUrl":"https://thanhnien.vn","perWorkerLimit":4,"msg":"SPAWNED_WORKER_FOR_SEED"}
{"level":30,"time":"18:49:57.071","app":"NewsCrawlerMaster","logger":"MasterWorker","seedUrl":"https://zingnews.vn","perWorkerLimit":4,"msg":"SPAWNED_WORKER_FOR_SEED"}
{"level":30,"time":"18:49:57.109","app":"NewsCrawlerMaster","logger":"Worker-dantri-com-vn","crawlInterval":3600,"cleanupInterval":3600,"seedUrl":"https://dantri.com.vn","msg":"CRAWLER_WORKER_STARTED"}
{"level":30,"time":"18:49:57.113","app":"NewsCrawlerMaster","logger":"Worker-dantri-com-vn","seedUrl":"https://dantri.com.vn","msg":"CRAWL_CYCLE_START"}
{"level":30,"time":"18:49:57.118","app":"NewsCrawlerMaster","logger":"Worker-thanhnien-vn","crawlInterval":3600,"cleanupInterval":3600,"seedUrl":"https://thanhnien.vn","msg":"CRAWLER_WORKER_STARTED"}
{"level":30,"time":"18:49:57.123","app":"NewsCrawlerMaster","logger":"NewsCrawl","seedUrl":"https://dantri.com.vn","categoryId":7,"categorySlug":"home","msg":"CATEGORY_RESOLVED"}
{"level":30,"time":"18:49:57.127","app":"NewsCrawlerMaster","logger":"Worker-tuoitre-vn","crawlInterval":3600,"cleanupInterval":3600,"seedUrl":"https://tuoitre.vn","msg":"CRAWLER_WORKER_STARTED"}
{"level":30,"time":"18:49:57.127","app":"NewsCrawlerMaster","logger":"Worker-thanhnien-vn","seedUrl":"https://thanhnien.vn","msg":"CRAWL_CYCLE_START"}
{"level":30,"time":"18:49:57.139","app":"NewsCrawlerMaster","logger":"Worker-vnexpress-net","crawlInterval":3600,"cleanupInterval":3600,"seedUrl":"https://vnexpress.net/the-gioi","msg":"CRAWLER_WORKER_STARTED"}
{"level":30,"time":"18:49:57.140","app":"NewsCrawlerMaster","logger":"Worker-zingnews-vn","crawlInterval":3600,"cleanupInterval":3600,"seedUrl":"https://zingnews.vn","msg":"CRAWLER_WORKER_STARTED"}
{"level":30,"time":"18:49:57.143","app":"NewsCrawlerMaster","logger":"Worker-tuoitre-vn","seedUrl":"https://tuoitre.vn","msg":"CRAWL_CYCLE_START"}
{"level":30,"time":"18:49:57.145","app":"NewsCrawlerMaster","logger":"NewsCrawl","seedUrl":"https://thanhnien.vn","categoryId":8,"categorySlug":"home","msg":"CATEGORY_RESOLVED"}
{"level":30,"time":"18:49:57.147","app":"NewsCrawlerMaster","logger":"Worker-vnexpress-net","seedUrl":"https://vnexpress.net/the-gioi","msg":"CRAWL_CYCLE_START"}
{"level":30,"time":"18:49:57.147","app":"NewsCrawlerMaster","logger":"Worker-zingnews-vn","seedUrl":"https://zingnews.vn","msg":"CRAWL_CYCLE_START"}
{"level":30,"time":"18:49:57.160","app":"NewsCrawlerMaster","logger":"NewsCrawl","seedUrl":"https://tuoitre.vn","categoryId":10,"categorySlug":"home","msg":"CATEGORY_RESOLVED"}
{"level":30,"time":"18:49:57.169","app":"NewsCrawlerMaster","logger":"NewsCrawl","seedUrl":"https://vnexpress.net/the-gioi","categoryId":6,"categorySlug":"the-gioi","msg":"CATEGORY_RESOLVED"}
{"level":30,"time":"18:49:57.179","app":"NewsCrawlerMaster","logger":"NewsCrawl","seedUrl":"https://zingnews.vn","categoryId":9,"categorySlug":"home","msg":"CATEGORY_RESOLVED"}
{"level":30,"time":"18:49:58.242","app":"NewsCrawlerMaster","logger":"NewsCrawl","seedUrl":"https://zingnews.vn","source":"zingnews","msg":"SEED_SCAN_START"}
{"level":30,"time":"18:49:58.445","app":"NewsCrawlerMaster","logger":"NewsCrawl","seedUrl":"https://tuoitre.vn","source":"tuoitre.vn","msg":"SEED_SCAN_START"}
{"level":30,"time":"18:49:59.077","app":"NewsCrawlerMaster","logger":"NewsCrawl","seedUrl":"https://thanhnien.vn","source":"thanhnien.vn","msg":"SEED_SCAN_START"}
{"level":30,"time":"18:49:59.181","app":"NewsCrawlerMaster","logger":"NewsCrawl","seedUrl":"https://vnexpress.net/the-gioi","source":"vnexpress.net","msg":"SEED_SCAN_START"}
{"level":30,"time":"18:49:59.256","app":"NewsCrawlerMaster","logger":"NewsCrawl","seedUrl":"https://dantri.com.vn","source":"dantri.com.vn","msg":"SEED_SCAN_START"}
{"level":40,"time":"18:50:04.091","app":"NewsCrawlerMaster","logger":"NewsCrawl","seedUrl":"https://thanhnien.vn","source":"thanhnien.vn","rawFound":127,"sampleUrls":["https://thanhnien.vn/ban-can-biet.htm","https://thanhnien.vn/tien-ich/thoi-tiet.htm","https://thanhnien.vn/lien-he.htm","https://www.youtube.com/channel/UCIW9cGgoRuGJnky3K3tbzNg","https://www.facebook.com/thanhnien","https://www.tiktok.com/@baothanhnien.official","https://zalo.me/2431025964363015388","javascript:;"],"msg":"SEED_SCAN_FILTERED_ALL"}
{"level":30,"time":"18:50:04.091","app":"NewsCrawlerMaster","logger":"NewsCrawl","seedUrl":"https://thanhnien.vn","source":"thanhnien.vn","found":0,"msg":"SEED_SCAN_DONE"}
{"level":40,"time":"18:50:04.267","app":"NewsCrawlerMaster","logger":"NewsCrawl","seedUrl":"https://thanhnien.vn","source":"thanhnien.vn","msg":"SEED_CRAWL_EMPTY"}
{"level":30,"time":"18:50:05.915","app":"NewsCrawlerMaster","logger":"NewsCrawl","seedUrl":"https://tuoitre.vn","source":"tuoitre.vn","found":4,"msg":"SEED_SCAN_DONE"}
{"level":40,"time":"18:50:07.027","app":"NewsCrawlerMaster","logger":"NewsCrawl","seedUrl":"https://vnexpress.net/the-gioi","source":"vnexpress.net","rawFound":256,"sampleUrls":["javascript:;","https://vnexpress.net/","https://vnexpress.net/lich-van-nien","https://vnexpress.net/tin-tuc-24h","https://vnexpress.net/topic/ha-noi-26482","https://vnexpress.net/topic/tp-ho-chi-minh-26483","https://e.vnexpress.net/","https://vnexpress.net/myvne"],"msg":"SEED_SCAN_FILTERED_ALL"}
{"level":30,"time":"18:50:07.033","app":"NewsCrawlerMaster","logger":"NewsCrawl","seedUrl":"https://vnexpress.net/the-gioi","source":"vnexpress.net","found":0,"msg":"SEED_SCAN_DONE"}
{"level":30,"time":"18:50:07.196","app":"NewsCrawlerMaster","logger":"NewsCrawl","seedUrl":"https://zingnews.vn","source":"zingnews","found":4,"msg":"SEED_SCAN_DONE"}
{"level":40,"time":"18:50:07.426","app":"NewsCrawlerMaster","logger":"NewsCrawl","seedUrl":"https://vnexpress.net/the-gioi","source":"vnexpress.net","msg":"SEED_CRAWL_EMPTY"}
{"level":30,"time":"18:50:08.659","app":"NewsCrawlerMaster","logger":"NewsCrawl","seedUrl":"https://dantri.com.vn","source":"dantri.com.vn","found":4,"msg":"SEED_SCAN_DONE"}
{"level":30,"time":"18:51:06.437","app":"NewsCrawlerMaster","logger":"Bootstrap","dbName":"vn_express_news","logFile":"D:\\React_Native\\Demo\\NewsCrawler\\data\\logs\\news-crawler-2026-03-28.log","msg":"BOOTSTRAP_READY"}
{"level":30,"time":"18:51:06.438","app":"NewsCrawlerMaster","logger":"MasterWorker","enabled":true,"seedsCount":5,"msg":"MASTER_WORKER_STARTING"}
{"level":30,"time":"18:51:06.438","app":"NewsCrawlerMaster","logger":"MasterWorker","totalSeeds":5,"perWorkerLimit":4,"msg":"MASTER_WORKERS_PLAN"}
{"level":30,"time":"18:51:06.439","app":"NewsCrawlerMaster","logger":"MasterWorker","seedUrl":"https://vnexpress.net/the-gioi","perWorkerLimit":4,"msg":"SPAWNED_WORKER_FOR_SEED"}
{"level":30,"time":"18:51:06.439","app":"NewsCrawlerMaster","logger":"MasterWorker","seedUrl":"https://dantri.com.vn","perWorkerLimit":4,"msg":"SPAWNED_WORKER_FOR_SEED"}
{"level":30,"time":"18:51:06.440","app":"NewsCrawlerMaster","logger":"MasterWorker","seedUrl":"https://tuoitre.vn","perWorkerLimit":4,"msg":"SPAWNED_WORKER_FOR_SEED"}
{"level":30,"time":"18:51:06.440","app":"NewsCrawlerMaster","logger":"MasterWorker","seedUrl":"https://thanhnien.vn","perWorkerLimit":4,"msg":"SPAWNED_WORKER_FOR_SEED"}
{"level":30,"time":"18:51:06.441","app":"NewsCrawlerMaster","logger":"MasterWorker","seedUrl":"https://zingnews.vn","perWorkerLimit":4,"msg":"SPAWNED_WORKER_FOR_SEED"}
{"level":30,"time":"18:51:06.487","app":"NewsCrawlerMaster","logger":"Worker-thanhnien-vn","crawlInterval":3600,"cleanupInterval":3600,"seedUrl":"https://thanhnien.vn","msg":"CRAWLER_WORKER_STARTED"}
{"level":30,"time":"18:51:06.492","app":"NewsCrawlerMaster","logger":"Worker-thanhnien-vn","seedUrl":"https://thanhnien.vn","msg":"CRAWL_CYCLE_START"}
{"level":30,"time":"18:51:06.494","app":"NewsCrawlerMaster","logger":"Worker-zingnews-vn","crawlInterval":3600,"cleanupInterval":3600,"seedUrl":"https://zingnews.vn","msg":"CRAWLER_WORKER_STARTED"}
{"level":30,"time":"18:51:06.497","app":"NewsCrawlerMaster","logger":"Worker-tuoitre-vn","crawlInterval":3600,"cleanupInterval":3600,"seedUrl":"https://tuoitre.vn","msg":"CRAWLER_WORKER_STARTED"}
{"level":30,"time":"18:51:06.498","app":"NewsCrawlerMaster","logger":"Worker-dantri-com-vn","crawlInterval":3600,"cleanupInterval":3600,"seedUrl":"https://dantri.com.vn","msg":"CRAWLER_WORKER_STARTED"}
{"level":30,"time":"18:51:06.498","app":"NewsCrawlerMaster","logger":"Worker-zingnews-vn","seedUrl":"https://zingnews.vn","msg":"CRAWL_CYCLE_START"}
{"level":30,"time":"18:51:06.499","app":"NewsCrawlerMaster","logger":"NewsCrawl","seedUrl":"https://thanhnien.vn","categoryId":8,"categorySlug":"home","msg":"CATEGORY_RESOLVED"}
{"level":30,"time":"18:51:06.502","app":"NewsCrawlerMaster","logger":"Worker-tuoitre-vn","seedUrl":"https://tuoitre.vn","msg":"CRAWL_CYCLE_START"}
{"level":30,"time":"18:51:06.513","app":"NewsCrawlerMaster","logger":"Worker-vnexpress-net","crawlInterval":3600,"cleanupInterval":3600,"seedUrl":"https://vnexpress.net/the-gioi","msg":"CRAWLER_WORKER_STARTED"}
{"level":30,"time":"18:51:06.514","app":"NewsCrawlerMaster","logger":"Worker-dantri-com-vn","seedUrl":"https://dantri.com.vn","msg":"CRAWL_CYCLE_START"}
{"level":30,"time":"18:51:06.517","app":"NewsCrawlerMaster","logger":"NewsCrawl","seedUrl":"https://zingnews.vn","categoryId":9,"categorySlug":"home","msg":"CATEGORY_RESOLVED"}
{"level":30,"time":"18:51:06.526","app":"NewsCrawlerMaster","logger":"NewsCrawl","seedUrl":"https://tuoitre.vn","categoryId":10,"categorySlug":"home","msg":"CATEGORY_RESOLVED"}
{"level":30,"time":"18:51:06.527","app":"NewsCrawlerMaster","logger":"Worker-vnexpress-net","seedUrl":"https://vnexpress.net/the-gioi","msg":"CRAWL_CYCLE_START"}
{"level":30,"time":"18:51:06.535","app":"NewsCrawlerMaster","logger":"NewsCrawl","seedUrl":"https://dantri.com.vn","categoryId":7,"categorySlug":"home","msg":"CATEGORY_RESOLVED"}
{"level":30,"time":"18:51:06.547","app":"NewsCrawlerMaster","logger":"NewsCrawl","seedUrl":"https://vnexpress.net/the-gioi","categoryId":6,"categorySlug":"the-gioi","msg":"CATEGORY_RESOLVED"}
{"level":30,"time":"18:51:08.804","app":"NewsCrawlerMaster","logger":"NewsCrawl","seedUrl":"https://dantri.com.vn","source":"dantri.com.vn","msg":"SEED_SCAN_START"}
{"level":30,"time":"18:51:08.823","app":"NewsCrawlerMaster","logger":"NewsCrawl","seedUrl":"https://zingnews.vn","source":"zingnews","msg":"SEED_SCAN_START"}
{"level":30,"time":"18:51:08.851","app":"NewsCrawlerMaster","logger":"NewsCrawl","seedUrl":"https://tuoitre.vn","source":"tuoitre.vn","msg":"SEED_SCAN_START"}
{"level":30,"time":"18:51:08.885","app":"NewsCrawlerMaster","logger":"NewsCrawl","seedUrl":"https://thanhnien.vn","source":"thanhnien.vn","msg":"SEED_SCAN_START"}
{"level":30,"time":"18:51:10.983","app":"NewsCrawlerMaster","logger":"NewsCrawl","seedUrl":"https://vnexpress.net/the-gioi","source":"vnexpress.net","msg":"SEED_SCAN_START"}
{"level":40,"time":"18:51:11.022","app":"NewsCrawlerMaster","logger":"NewsCrawl","seedUrl":"https://thanhnien.vn","source":"thanhnien.vn","rawFound":127,"sampleUrls":["https://thanhnien.vn/ban-can-biet.htm","https://thanhnien.vn/tien-ich/thoi-tiet.htm","https://thanhnien.vn/lien-he.htm","https://www.youtube.com/channel/UCIW9cGgoRuGJnky3K3tbzNg","https://www.facebook.com/thanhnien","https://www.tiktok.com/@baothanhnien.official","https://zalo.me/2431025964363015388","javascript:;"],"msg":"SEED_SCAN_FILTERED_ALL"}
{"level":30,"time":"18:51:11.023","app":"NewsCrawlerMaster","logger":"NewsCrawl","seedUrl":"https://thanhnien.vn","source":"thanhnien.vn","found":0,"msg":"SEED_SCAN_DONE"}
{"level":40,"time":"18:51:11.234","app":"NewsCrawlerMaster","logger":"NewsCrawl","seedUrl":"https://thanhnien.vn","source":"thanhnien.vn","msg":"SEED_CRAWL_EMPTY"}
{"level":30,"time":"18:51:12.328","app":"NewsCrawlerMaster","logger":"NewsCrawl","seedUrl":"https://tuoitre.vn","source":"tuoitre.vn","found":4,"msg":"SEED_SCAN_DONE"}
{"level":30,"time":"18:51:12.985","app":"NewsCrawlerMaster","logger":"NewsCrawl","seedUrl":"https://dantri.com.vn","source":"dantri.com.vn","found":4,"msg":"SEED_SCAN_DONE"}
{"level":30,"time":"18:51:13.715","app":"NewsCrawlerMaster","logger":"NewsCrawl","seedUrl":"https://zingnews.vn","source":"zingnews","found":4,"msg":"SEED_SCAN_DONE"}
{"level":40,"time":"18:51:15.569","app":"NewsCrawlerMaster","logger":"NewsCrawl","seedUrl":"https://vnexpress.net/the-gioi","source":"vnexpress.net","rawFound":132,"sampleUrls":["javascript:;","https://vnexpress.net/","https://vnexpress.net/lich-van-nien","https://vnexpress.net/tin-tuc-24h","https://vnexpress.net/topic/ha-noi-26482","https://vnexpress.net/topic/tp-ho-chi-minh-26483","https://e.vnexpress.net/","https://vnexpress.net/myvne"],"msg":"SEED_SCAN_FILTERED_ALL"}
{"level":30,"time":"18:51:15.572","app":"NewsCrawlerMaster","logger":"NewsCrawl","seedUrl":"https://vnexpress.net/the-gioi","source":"vnexpress.net","found":0,"msg":"SEED_SCAN_DONE"}
{"level":30,"time":"18:51:16.033","app":"NewsCrawlerMaster","logger":"Worker-thanhnien-vn","seedUrl":"https://thanhnien.vn","source":"thanhnien.vn","foundCount":0,"scannedCount":0,"savedCount":0,"existingCount":0,"extractFailedCount":0,"videoAttemptedCount":0,"videoDownloadedCount":0,"videoFailedCount":0,"noVideoCount":0,"durationMs":4739,"msg":"WORKER_SUMMARY"}
{"level":40,"time":"18:51:16.333","app":"NewsCrawlerMaster","logger":"NewsCrawl","seedUrl":"https://vnexpress.net/the-gioi","source":"vnexpress.net","msg":"SEED_CRAWL_EMPTY"}
{"level":30,"time":"18:51:18.696","app":"NewsCrawlerMaster","logger":"Worker-vnexpress-net","seedUrl":"https://vnexpress.net/the-gioi","source":"vnexpress.net","foundCount":0,"scannedCount":0,"savedCount":0,"existingCount":0,"extractFailedCount":0,"videoAttemptedCount":0,"videoDownloadedCount":0,"videoFailedCount":0,"noVideoCount":0,"durationMs":9798,"msg":"WORKER_SUMMARY"}
{"level":30,"time":"18:51:23.813","app":"NewsCrawlerMaster","logger":"Worker-tuoitre-vn","seedUrl":"https://tuoitre.vn","source":"tuoitre.vn","foundCount":4,"scannedCount":4,"savedCount":0,"existingCount":4,"extractFailedCount":0,"videoAttemptedCount":0,"videoDownloadedCount":0,"videoFailedCount":0,"noVideoCount":0,"durationMs":16524,"msg":"WORKER_SUMMARY"}
{"level":30,"time":"18:51:46.325","app":"NewsCrawlerMaster","logger":"Worker-dantri-com-vn","seedUrl":"https://dantri.com.vn","source":"dantri.com.vn","foundCount":4,"scannedCount":4,"savedCount":0,"existingCount":4,"extractFailedCount":0,"videoAttemptedCount":0,"videoDownloadedCount":0,"videoFailedCount":0,"noVideoCount":0,"durationMs":39447,"msg":"WORKER_SUMMARY"}
{"level":30,"time":"18:51:47.206","app":"NewsCrawlerMaster","logger":"Worker-zingnews-vn","seedUrl":"https://zingnews.vn","source":"zingnews","foundCount":4,"scannedCount":4,"savedCount":0,"existingCount":4,"extractFailedCount":0,"videoAttemptedCount":0,"videoDownloadedCount":0,"videoFailedCount":0,"noVideoCount":0,"durationMs":40422,"msg":"WORKER_SUMMARY"}
{"level":30,"time":"18:51:47.206","app":"NewsCrawlerMaster","logger":"MasterWorker","workers":5,"foundCount":12,"savedCount":0,"existingCount":12,"videoAttemptedCount":0,"videoDownloadedCount":0,"videoFailedCount":0,"noVideoCount":0,"durationMs":110930,"msg":"MASTER_SUMMARY"}
{"level":30,"time":"18:52:14.487","app":"NewsCrawlerMaster","logger":"Bootstrap","dbName":"vn_express_news","logFile":"D:\\React_Native\\Demo\\NewsCrawler\\data\\logs\\news-crawler-2026-03-28.log","msg":"BOOTSTRAP_READY"}
{"level":30,"time":"18:52:14.488","app":"NewsCrawlerMaster","logger":"MasterWorker","enabled":true,"seedsCount":5,"msg":"MASTER_WORKER_STARTING"}
{"level":30,"time":"18:52:14.489","app":"NewsCrawlerMaster","logger":"MasterWorker","totalSeeds":5,"perWorkerLimit":4,"msg":"MASTER_WORKERS_PLAN"}
{"level":30,"time":"18:52:14.489","app":"NewsCrawlerMaster","logger":"MasterWorker","seedUrl":"https://vnexpress.net/the-gioi","perWorkerLimit":4,"msg":"SPAWNED_WORKER_FOR_SEED"}
{"level":30,"time":"18:52:14.490","app":"NewsCrawlerMaster","logger":"MasterWorker","seedUrl":"https://dantri.com.vn","perWorkerLimit":4,"msg":"SPAWNED_WORKER_FOR_SEED"}
{"level":30,"time":"18:52:14.491","app":"NewsCrawlerMaster","logger":"MasterWorker","seedUrl":"https://tuoitre.vn","perWorkerLimit":4,"msg":"SPAWNED_WORKER_FOR_SEED"}
{"level":30,"time":"18:52:14.491","app":"NewsCrawlerMaster","logger":"MasterWorker","seedUrl":"https://thanhnien.vn","perWorkerLimit":4,"msg":"SPAWNED_WORKER_FOR_SEED"}
{"level":30,"time":"18:52:14.492","app":"NewsCrawlerMaster","logger":"MasterWorker","seedUrl":"https://zingnews.vn","perWorkerLimit":4,"msg":"SPAWNED_WORKER_FOR_SEED"}
{"level":30,"time":"18:52:14.526","app":"NewsCrawlerMaster","logger":"Worker-thanhnien-vn","crawlInterval":3600,"cleanupInterval":3600,"seedUrl":"https://thanhnien.vn","msg":"CRAWLER_WORKER_STARTED"}
{"level":30,"time":"18:52:14.530","app":"NewsCrawlerMaster","logger":"Worker-thanhnien-vn","seedUrl":"https://thanhnien.vn","msg":"CRAWL_CYCLE_START"}
{"level":30,"time":"18:52:14.532","app":"NewsCrawlerMaster","logger":"Worker-dantri-com-vn","crawlInterval":3600,"cleanupInterval":3600,"seedUrl":"https://dantri.com.vn","msg":"CRAWLER_WORKER_STARTED"}
{"level":30,"time":"18:52:14.535","app":"NewsCrawlerMaster","logger":"Worker-dantri-com-vn","seedUrl":"https://dantri.com.vn","msg":"CRAWL_CYCLE_START"}
{"level":30,"time":"18:52:14.536","app":"NewsCrawlerMaster","logger":"NewsCrawl","seedUrl":"https://thanhnien.vn","categoryId":8,"categorySlug":"home","msg":"CATEGORY_RESOLVED"}
{"level":30,"time":"18:52:14.539","app":"NewsCrawlerMaster","logger":"Worker-tuoitre-vn","crawlInterval":3600,"cleanupInterval":3600,"seedUrl":"https://tuoitre.vn","msg":"CRAWLER_WORKER_STARTED"}
{"level":30,"time":"18:52:14.549","app":"NewsCrawlerMaster","logger":"Worker-vnexpress-net","crawlInterval":3600,"cleanupInterval":3600,"seedUrl":"https://vnexpress.net/the-gioi","msg":"CRAWLER_WORKER_STARTED"}
{"level":30,"time":"18:52:14.550","app":"NewsCrawlerMaster","logger":"Worker-zingnews-vn","crawlInterval":3600,"cleanupInterval":3600,"seedUrl":"https://zingnews.vn","msg":"CRAWLER_WORKER_STARTED"}
{"level":30,"time":"18:52:14.552","app":"NewsCrawlerMaster","logger":"Worker-tuoitre-vn","seedUrl":"https://tuoitre.vn","msg":"CRAWL_CYCLE_START"}
{"level":30,"time":"18:52:14.553","app":"NewsCrawlerMaster","logger":"NewsCrawl","seedUrl":"https://dantri.com.vn","categoryId":7,"categorySlug":"home","msg":"CATEGORY_RESOLVED"}
{"level":30,"time":"18:52:14.554","app":"NewsCrawlerMaster","logger":"Worker-vnexpress-net","seedUrl":"https://vnexpress.net/the-gioi","msg":"CRAWL_CYCLE_START"}
{"level":30,"time":"18:52:14.555","app":"NewsCrawlerMaster","logger":"Worker-zingnews-vn","seedUrl":"https://zingnews.vn","msg":"CRAWL_CYCLE_START"}
{"level":30,"time":"18:52:14.569","app":"NewsCrawlerMaster","logger":"NewsCrawl","seedUrl":"https://tuoitre.vn","categoryId":10,"categorySlug":"home","msg":"CATEGORY_RESOLVED"}
{"level":30,"time":"18:52:14.570","app":"NewsCrawlerMaster","logger":"NewsCrawl","seedUrl":"https://vnexpress.net/the-gioi","categoryId":6,"categorySlug":"the-gioi","msg":"CATEGORY_RESOLVED"}
{"level":30,"time":"18:52:14.588","app":"NewsCrawlerMaster","logger":"NewsCrawl","seedUrl":"https://zingnews.vn","categoryId":9,"categorySlug":"home","msg":"CATEGORY_RESOLVED"}
{"level":30,"time":"18:52:16.720","app":"NewsCrawlerMaster","logger":"NewsCrawl","seedUrl":"https://thanhnien.vn","source":"thanhnien.vn","msg":"SEED_SCAN_START"}
{"level":30,"time":"18:52:16.758","app":"NewsCrawlerMaster","logger":"NewsCrawl","seedUrl":"https://vnexpress.net/the-gioi","source":"vnexpress.net","msg":"SEED_SCAN_START"}
{"level":30,"time":"18:52:16.792","app":"NewsCrawlerMaster","logger":"NewsCrawl","seedUrl":"https://dantri.com.vn","source":"dantri.com.vn","msg":"SEED_SCAN_START"}
{"level":30,"time":"18:52:18.521","app":"NewsCrawlerMaster","logger":"NewsCrawl","seedUrl":"https://tuoitre.vn","source":"tuoitre.vn","msg":"SEED_SCAN_START"}
{"level":30,"time":"18:52:20.420","app":"NewsCrawlerMaster","logger":"NewsCrawl","seedUrl":"https://zingnews.vn","source":"zingnews","msg":"SEED_SCAN_START"}
{"level":40,"time":"18:52:23.927","app":"NewsCrawlerMaster","logger":"NewsCrawl","seedUrl":"https://vnexpress.net/the-gioi","source":"vnexpress.net","rawFound":256,"sampleUrls":["javascript:;","https://vnexpress.net/","https://vnexpress.net/lich-van-nien","https://vnexpress.net/tin-tuc-24h","https://vnexpress.net/topic/ha-noi-26482","https://vnexpress.net/topic/tp-ho-chi-minh-26483","https://e.vnexpress.net/","https://vnexpress.net/myvne"],"msg":"SEED_SCAN_FILTERED_ALL"}
{"level":30,"time":"18:52:23.928","app":"NewsCrawlerMaster","logger":"NewsCrawl","seedUrl":"https://vnexpress.net/the-gioi","source":"vnexpress.net","found":0,"msg":"SEED_SCAN_DONE"}
{"level":30,"time":"18:52:23.982","app":"NewsCrawlerMaster","logger":"NewsCrawl","seedUrl":"https://dantri.com.vn","source":"dantri.com.vn","found":4,"msg":"SEED_SCAN_DONE"}
{"level":40,"time":"18:52:24.108","app":"NewsCrawlerMaster","logger":"NewsCrawl","seedUrl":"https://thanhnien.vn","source":"thanhnien.vn","rawFound":139,"sampleUrls":["https://thanhnien.vn/ban-can-biet.htm","https://thanhnien.vn/tien-ich/thoi-tiet.htm","https://thanhnien.vn/lien-he.htm","https://www.youtube.com/channel/UCIW9cGgoRuGJnky3K3tbzNg","https://www.facebook.com/thanhnien","https://www.tiktok.com/@baothanhnien.official","https://zalo.me/2431025964363015388","javascript:;"],"msg":"SEED_SCAN_FILTERED_ALL"}
{"level":30,"time":"18:52:24.110","app":"NewsCrawlerMaster","logger":"NewsCrawl","seedUrl":"https://thanhnien.vn","source":"thanhnien.vn","found":0,"msg":"SEED_SCAN_DONE"}
{"level":30,"time":"18:52:24.568","app":"NewsCrawlerMaster","logger":"NewsCrawl","seedUrl":"https://zingnews.vn","source":"zingnews","found":4,"msg":"SEED_SCAN_DONE"}
{"level":40,"time":"18:52:24.684","app":"NewsCrawlerMaster","logger":"NewsCrawl","seedUrl":"https://vnexpress.net/the-gioi","source":"vnexpress.net","msg":"SEED_CRAWL_EMPTY"}
{"level":40,"time":"18:52:25.040","app":"NewsCrawlerMaster","logger":"NewsCrawl","seedUrl":"https://thanhnien.vn","source":"thanhnien.vn","msg":"SEED_CRAWL_EMPTY"}
{"level":30,"time":"18:52:26.220","app":"NewsCrawlerMaster","logger":"Worker-vnexpress-net","seedUrl":"https://vnexpress.net/the-gioi","source":"vnexpress.net","foundCount":0,"scannedCount":0,"savedCount":0,"existingCount":0,"extractFailedCount":0,"videoAttemptedCount":0,"videoDownloadedCount":0,"videoFailedCount":0,"noVideoCount":0,"durationMs":10121,"msg":"WORKER_SUMMARY"}
{"level":30,"time":"18:52:26.454","app":"NewsCrawlerMaster","logger":"Worker-thanhnien-vn","seedUrl":"https://thanhnien.vn","source":"thanhnien.vn","foundCount":0,"scannedCount":0,"savedCount":0,"existingCount":0,"extractFailedCount":0,"videoAttemptedCount":0,"videoDownloadedCount":0,"videoFailedCount":0,"noVideoCount":0,"durationMs":10508,"msg":"WORKER_SUMMARY"}
{"level":30,"time":"18:52:26.686","app":"NewsCrawlerMaster","logger":"NewsCrawl","seedUrl":"https://tuoitre.vn","source":"tuoitre.vn","found":4,"msg":"SEED_SCAN_DONE"}
{"level":30,"time":"18:52:29.084","app":"NewsCrawlerMaster","logger":"NewsCrawl","newsId":300,"title":"Giây phút tấm thép trên xe đầu kéo va vào cabin xe rác khiến tài xế tử vong gần cầu Kênh Tẻ","videoUrl":"https://cdn2.tuoitre.vn/471584752817336320/2026/3/27/cau-kenh-te-17746181094861533951789.gif.mp4","filePath":"d:\\React_Native\\Demo\\NewsCrawler\\data\\videos\\giay-phut-tam-thep-tren-xe-dau-keo-va-vao-cabin-xe-rac-khien-tai-xe-tu-vong-gan-cau-kenh-te-300.mp4","msg":"VIDEO_DOWNLOAD_START"}
{"level":30,"time":"18:52:29.519","app":"NewsCrawlerMaster","logger":"NewsCrawl","newsId":300,"filePath":"d:\\React_Native\\Demo\\NewsCrawler\\data\\videos\\giay-phut-tam-thep-tren-xe-dau-keo-va-vao-cabin-xe-rac-khien-tai-xe-tu-vong-gan-cau-kenh-te-300.mp4","msg":"VIDEO_DOWNLOAD_SUCCESS"}
{"level":30,"time":"18:52:30.888","app":"NewsCrawlerMaster","logger":"NewsCrawl","newsId":301,"title":"Bắt tạm giam người đàn ông dùng súng tự chế bắn chết mẹ vợ và tài xế taxi","videoUrl":"https://cdn2.tuoitre.vn/471584752817336320/2026/3/27/cau-kenh-te-17746181094861533951789.gif.mp4","filePath":"d:\\React_Native\\Demo\\NewsCrawler\\data\\videos\\bat-tam-giam-nguoi-dan-ong-dung-sung-tu-che-ban-chet-me-vo-va-tai-xe-taxi-301.mp4","msg":"VIDEO_DOWNLOAD_START"}
{"level":30,"time":"18:52:31.157","app":"NewsCrawlerMaster","logger":"NewsCrawl","newsId":301,"filePath":"d:\\React_Native\\Demo\\NewsCrawler\\data\\videos\\bat-tam-giam-nguoi-dan-ong-dung-sung-tu-che-ban-chet-me-vo-va-tai-xe-taxi-301.mp4","msg":"VIDEO_DOWNLOAD_SUCCESS"}
{"level":30,"time":"18:52:32.176","app":"NewsCrawlerMaster","logger":"NewsCrawl","newsId":302,"title":"Nữ sinh ngất xỉu bên đường, được cảnh sát đưa đến bệnh viện kịp thời","videoUrl":"https://cdn2.tuoitre.vn/471584752817336320/2026/3/27/cau-kenh-te-17746181094861533951789.gif.mp4","filePath":"d:\\React_Native\\Demo\\NewsCrawler\\data\\videos\\nu-sinh-ngat-xiu-ben-duong-duoc-canh-sat-dua-den-benh-vien-kip-thoi-302.mp4","msg":"VIDEO_DOWNLOAD_START"}
{"level":30,"time":"18:52:32.446","app":"NewsCrawlerMaster","logger":"NewsCrawl","newsId":302,"filePath":"d:\\React_Native\\Demo\\NewsCrawler\\data\\videos\\nu-sinh-ngat-xiu-ben-duong-duoc-canh-sat-dua-den-benh-vien-kip-thoi-302.mp4","msg":"VIDEO_DOWNLOAD_SUCCESS"}
{"level":30,"time":"18:52:33.220","app":"NewsCrawlerMaster","logger":"NewsCrawl","newsId":304,"dupPath":"d:\\React_Native\\Demo\\NewsCrawler\\data\\videos\\my-israel-tan-cong-iran-250.mp4","msg":"VIDEO_DUPLICATE_FOUND"}
{"level":30,"time":"18:52:34.011","app":"NewsCrawlerMaster","logger":"NewsCrawl","newsId":305,"title":"Cận cảnh 'ổ voi', nước đọng trên đường Bến Nghé, nhiều xe chật vật vào cảng Tân Thuận","videoUrl":"https://cdn2.tuoitre.vn/471584752817336320/2026/3/27/cau-kenh-te-17746181094861533951789.gif.mp4","filePath":"d:\\React_Native\\Demo\\NewsCrawler\\data\\videos\\can-canh-o-voi-nuoc-dong-tren-duong-ben-nghe-nhieu-xe-chat-vat-vao-cang-tan-thuan-305.mp4","msg":"VIDEO_DOWNLOAD_START"}
{"level":30,"time":"18:52:34.380","app":"NewsCrawlerMaster","logger":"NewsCrawl","newsId":305,"filePath":"d:\\React_Native\\Demo\\NewsCrawler\\data\\videos\\can-canh-o-voi-nuoc-dong-tren-duong-ben-nghe-nhieu-xe-chat-vat-vao-cang-tan-thuan-305.mp4","msg":"VIDEO_DOWNLOAD_SUCCESS"}
{"level":30,"time":"18:52:35.610","app":"NewsCrawlerMaster","logger":"Worker-tuoitre-vn","seedUrl":"https://tuoitre.vn","source":"tuoitre.vn","foundCount":4,"scannedCount":4,"savedCount":4,"existingCount":0,"extractFailedCount":0,"videoAttemptedCount":4,"videoDownloadedCount":4,"videoFailedCount":0,"noVideoCount":0,"durationMs":19833,"msg":"WORKER_SUMMARY"}
{"level":30,"time":"18:52:49.997","app":"NewsCrawlerMaster","logger":"NewsCrawl","newsId":309,"dupPath":"d:\\React_Native\\Demo\\NewsCrawler\\data\\videos\\dai-hoi-hoi-xuat-ban-viet-nam-lan-thu-v-265.mp4","msg":"VIDEO_DUPLICATE_FOUND"}
{"level":30,"time":"18:52:57.493","app":"NewsCrawlerMaster","logger":"Worker-dantri-com-vn","seedUrl":"https://dantri.com.vn","source":"dantri.com.vn","foundCount":4,"scannedCount":4,"savedCount":4,"existingCount":0,"extractFailedCount":0,"videoAttemptedCount":0,"videoDownloadedCount":0,"videoFailedCount":0,"noVideoCount":4,"durationMs":42571,"msg":"WORKER_SUMMARY"}
{"level":30,"time":"18:52:58.357","app":"NewsCrawlerMaster","logger":"Worker-zingnews-vn","seedUrl":"https://zingnews.vn","source":"zingnews","foundCount":4,"scannedCount":4,"savedCount":4,"existingCount":0,"extractFailedCount":0,"videoAttemptedCount":2,"videoDownloadedCount":2,"videoFailedCount":0,"noVideoCount":2,"durationMs":43559,"msg":"WORKER_SUMMARY"}
{"level":30,"time":"18:52:58.357","app":"NewsCrawlerMaster","logger":"MasterWorker","workers":5,"foundCount":12,"savedCount":12,"existingCount":0,"videoAttemptedCount":6,"videoDownloadedCount":6,"videoFailedCount":0,"noVideoCount":6,"durationMs":126592,"msg":"MASTER_SUMMARY"}
{"level":30,"time":"18:55:45.602","app":"NewsCrawlerMaster","logger":"Bootstrap","dbName":"vn_express_news","logFile":"D:\\React_Native\\Demo\\NewsCrawler\\data\\logs\\news-crawler-2026-03-28.log","msg":"BOOTSTRAP_READY"}
{"level":30,"time":"18:55:45.603","app":"NewsCrawlerMaster","logger":"MasterWorker","enabled":true,"seedsCount":5,"msg":"MASTER_WORKER_STARTING"}
{"level":30,"time":"18:55:45.603","app":"NewsCrawlerMaster","logger":"MasterWorker","totalSeeds":5,"perWorkerLimit":4,"msg":"MASTER_WORKERS_PLAN"}
{"level":30,"time":"18:55:45.603","app":"NewsCrawlerMaster","logger":"MasterWorker","seedUrl":"https://vnexpress.net/the-gioi","perWorkerLimit":4,"msg":"SPAWNED_WORKER_FOR_SEED"}
{"level":30,"time":"18:55:45.604","app":"NewsCrawlerMaster","logger":"MasterWorker","seedUrl":"https://dantri.com.vn","perWorkerLimit":4,"msg":"SPAWNED_WORKER_FOR_SEED"}
{"level":30,"time":"18:55:45.604","app":"NewsCrawlerMaster","logger":"MasterWorker","seedUrl":"https://tuoitre.vn","perWorkerLimit":4,"msg":"SPAWNED_WORKER_FOR_SEED"}
{"level":30,"time":"18:55:45.605","app":"NewsCrawlerMaster","logger":"MasterWorker","seedUrl":"https://thanhnien.vn","perWorkerLimit":4,"msg":"SPAWNED_WORKER_FOR_SEED"}
{"level":30,"time":"18:55:45.605","app":"NewsCrawlerMaster","logger":"MasterWorker","seedUrl":"https://zingnews.vn","perWorkerLimit":4,"msg":"SPAWNED_WORKER_FOR_SEED"}
{"level":30,"time":"18:55:45.641","app":"NewsCrawlerMaster","logger":"Worker-thanhnien-vn","crawlInterval":3600,"cleanupInterval":3600,"seedUrl":"https://thanhnien.vn","msg":"CRAWLER_WORKER_STARTED"}
{"level":30,"time":"18:55:45.645","app":"NewsCrawlerMaster","logger":"Worker-thanhnien-vn","seedUrl":"https://thanhnien.vn","msg":"CRAWL_CYCLE_START"}
{"level":30,"time":"18:55:45.650","app":"NewsCrawlerMaster","logger":"Worker-dantri-com-vn","crawlInterval":3600,"cleanupInterval":3600,"seedUrl":"https://dantri.com.vn","msg":"CRAWLER_WORKER_STARTED"}
{"level":30,"time":"18:55:45.652","app":"NewsCrawlerMaster","logger":"NewsCrawl","seedUrl":"https://thanhnien.vn","categoryId":8,"categorySlug":"home","msg":"CATEGORY_RESOLVED"}
{"level":30,"time":"18:55:45.653","app":"NewsCrawlerMaster","logger":"Worker-vnexpress-net","crawlInterval":3600,"cleanupInterval":3600,"seedUrl":"https://vnexpress.net/the-gioi","msg":"CRAWLER_WORKER_STARTED"}
{"level":30,"time":"18:55:45.654","app":"NewsCrawlerMaster","logger":"Worker-dantri-com-vn","seedUrl":"https://dantri.com.vn","msg":"CRAWL_CYCLE_START"}
{"level":30,"time":"18:55:45.667","app":"NewsCrawlerMaster","logger":"Worker-tuoitre-vn","crawlInterval":3600,"cleanupInterval":3600,"seedUrl":"https://tuoitre.vn","msg":"CRAWLER_WORKER_STARTED"}
{"level":30,"time":"18:55:45.668","app":"NewsCrawlerMaster","logger":"Worker-zingnews-vn","crawlInterval":3600,"cleanupInterval":3600,"seedUrl":"https://zingnews.vn","msg":"CRAWLER_WORKER_STARTED"}
{"level":30,"time":"18:55:45.669","app":"NewsCrawlerMaster","logger":"Worker-vnexpress-net","seedUrl":"https://vnexpress.net/the-gioi","msg":"CRAWL_CYCLE_START"}
{"level":30,"time":"18:55:45.671","app":"NewsCrawlerMaster","logger":"Worker-tuoitre-vn","seedUrl":"https://tuoitre.vn","msg":"CRAWL_CYCLE_START"}
{"level":30,"time":"18:55:45.672","app":"NewsCrawlerMaster","logger":"NewsCrawl","seedUrl":"https://dantri.com.vn","categoryId":7,"categorySlug":"home","msg":"CATEGORY_RESOLVED"}
{"level":30,"time":"18:55:45.673","app":"NewsCrawlerMaster","logger":"Worker-zingnews-vn","seedUrl":"https://zingnews.vn","msg":"CRAWL_CYCLE_START"}
{"level":30,"time":"18:55:45.683","app":"NewsCrawlerMaster","logger":"NewsCrawl","seedUrl":"https://vnexpress.net/the-gioi","categoryId":6,"categorySlug":"the-gioi","msg":"CATEGORY_RESOLVED"}
{"level":30,"time":"18:55:45.691","app":"NewsCrawlerMaster","logger":"NewsCrawl","seedUrl":"https://tuoitre.vn","categoryId":10,"categorySlug":"home","msg":"CATEGORY_RESOLVED"}
{"level":30,"time":"18:55:45.692","app":"NewsCrawlerMaster","logger":"NewsCrawl","seedUrl":"https://zingnews.vn","categoryId":9,"categorySlug":"home","msg":"CATEGORY_RESOLVED"}
{"level":30,"time":"18:55:46.738","app":"NewsCrawlerMaster","logger":"NewsCrawl","seedUrl":"https://thanhnien.vn","source":"thanhnien.vn","msg":"SEED_SCAN_START"}
{"level":30,"time":"18:55:46.977","app":"NewsCrawlerMaster","logger":"NewsCrawl","seedUrl":"https://tuoitre.vn","source":"tuoitre.vn","msg":"SEED_SCAN_START"}
{"level":30,"time":"18:55:47.529","app":"NewsCrawlerMaster","logger":"NewsCrawl","seedUrl":"https://vnexpress.net/the-gioi","source":"vnexpress.net","msg":"SEED_SCAN_START"}
{"level":30,"time":"18:55:48.464","app":"NewsCrawlerMaster","logger":"NewsCrawl","seedUrl":"https://dantri.com.vn","source":"dantri.com.vn","msg":"SEED_SCAN_START"}
{"level":30,"time":"18:55:48.620","app":"NewsCrawlerMaster","logger":"NewsCrawl","seedUrl":"https://zingnews.vn","source":"zingnews","msg":"SEED_SCAN_START"}
{"level":30,"time":"18:55:50.745","app":"NewsCrawlerMaster","logger":"NewsCrawl","seedUrl":"https://vnexpress.net/the-gioi","source":"vnexpress.net","found":4,"msg":"SEED_SCAN_DONE"}
{"level":30,"time":"18:55:51.086","app":"NewsCrawlerMaster","logger":"NewsCrawl","seedUrl":"https://thanhnien.vn","source":"thanhnien.vn","found":4,"msg":"SEED_SCAN_DONE"}
{"level":30,"time":"18:55:53.218","app":"NewsCrawlerMaster","logger":"NewsCrawl","seedUrl":"https://tuoitre.vn","source":"tuoitre.vn","found":4,"msg":"SEED_SCAN_DONE"}
{"level":30,"time":"18:55:53.872","app":"NewsCrawlerMaster","logger":"NewsCrawl","newsId":312,"dupPath":"d:\\React_Native\\Demo\\NewsCrawler\\data\\videos\\arab-saudi-ukraine-ky-thoa-thuan-hop-tac-quoc-phong-247.mp4","msg":"VIDEO_DUPLICATE_FOUND"}
{"level":30,"time":"18:55:54.016","app":"NewsCrawlerMaster","logger":"NewsCrawl","seedUrl":"https://zingnews.vn","source":"zingnews","found":4,"msg":"SEED_SCAN_DONE"}
{"level":30,"time":"18:55:54.805","app":"NewsCrawlerMaster","logger":"NewsCrawl","seedUrl":"https://dantri.com.vn","source":"dantri.com.vn","found":4,"msg":"SEED_SCAN_DONE"}
{"level":30,"time":"18:55:56.388","app":"NewsCrawlerMaster","logger":"NewsCrawl","newsId":313,"dupPath":"d:\\React_Native\\Demo\\NewsCrawler\\data\\videos\\su-that-ve-video-bay-cho-tron-ke-trom-tim-duong-ve-nha-234.mp4","msg":"VIDEO_DUPLICATE_FOUND"}
{"level":30,"time":"18:56:08.918","app":"NewsCrawlerMaster","logger":"NewsCrawl","newsId":318,"title":"Khách Philippines cầu hôn bạn gái trên cầu treo Việt Nam","videoUrl":"https://streaming.znews.vn/arnfSzhBkq76FcB7jW_HJA:8/1774724162/znews/video/2026/01/31/minhnhan/cau_hon_tren_cau_kinh_Rong_May/720/index.m3u8","filePath":"d:\\React_Native\\Demo\\NewsCrawler\\data\\videos\\khach-philippines-cau-hon-ban-gai-tren-cau-treo-viet-nam-318.mp4","msg":"VIDEO_DOWNLOAD_START"}
{"level":30,"time":"18:56:09.147","app":"NewsCrawlerMaster","logger":"NewsCrawl","newsId":319,"dupPath":"d:\\React_Native\\Demo\\NewsCrawler\\data\\videos\\tham-phan-anh-khen-barron-trump-cuu-mang-ban-tu-xa-270.mp4","msg":"VIDEO_DUPLICATE_FOUND"}
{"level":30,"time":"18:56:17.118","app":"NewsCrawlerMaster","logger":"NewsCrawl","newsId":322,"dupPath":"d:\\React_Native\\Demo\\NewsCrawler\\data\\videos\\iran-doa-chan-moi-tau-lien-quan-cac-cang-thu-dich-263.mp4","msg":"VIDEO_DUPLICATE_FOUND"}
{"level":30,"time":"18:56:20.270","app":"NewsCrawlerMaster","logger":"NewsCrawl","newsId":323,"title":"Các quỹ đầu tư Mỹ quan tâm Trung tâm Tài chính quốc tế của Việt Nam","videoUrl":"https://cl.imghosts.com/imgh/video/upload/ar_3:2,c_fill,w_680/videos/t/2026-03/439594/d1ef11d13883be8f18d3973902864c9a.mp4?v=1774637773-H2gQ3KHvaT4w0n_xU_YCmoXxWKvN36ntGYFf6yz44OU","filePath":"d:\\React_Native\\Demo\\NewsCrawler\\data\\videos\\cac-quy-dau-tu-my-quan-tam-trung-tam-tai-chinh-quoc-te-cua-viet-nam-323.mp4","msg":"VIDEO_DOWNLOAD_START"}
{"level":30,"time":"18:56:21.507","app":"NewsCrawlerMaster","logger":"NewsCrawl","newsId":323,"filePath":"d:\\React_Native\\Demo\\NewsCrawler\\data\\videos\\cac-quy-dau-tu-my-quan-tam-trung-tam-tai-chinh-quoc-te-cua-viet-nam-323.mp4","msg":"VIDEO_DOWNLOAD_SUCCESS"}
{"level":30,"time":"18:56:28.387","app":"NewsCrawlerMaster","logger":"Worker-vnexpress-net","seedUrl":"https://vnexpress.net/the-gioi","source":"vnexpress.net","foundCount":4,"scannedCount":4,"savedCount":4,"existingCount":0,"extractFailedCount":0,"videoAttemptedCount":4,"videoDownloadedCount":4,"videoFailedCount":0,"noVideoCount":0,"durationMs":31500,"msg":"WORKER_SUMMARY"}
{"level":30,"time":"18:56:32.891","app":"NewsCrawlerMaster","logger":"Worker-dantri-com-vn","seedUrl":"https://dantri.com.vn","source":"dantri.com.vn","foundCount":4,"scannedCount":4,"savedCount":0,"existingCount":4,"extractFailedCount":0,"videoAttemptedCount":0,"videoDownloadedCount":0,"videoFailedCount":0,"noVideoCount":0,"durationMs":46188,"msg":"WORKER_SUMMARY"}
{"level":30,"time":"18:56:33.019","app":"NewsCrawlerMaster","logger":"Worker-thanhnien-vn","seedUrl":"https://thanhnien.vn","source":"thanhnien.vn","foundCount":4,"scannedCount":4,"savedCount":4,"existingCount":0,"extractFailedCount":0,"videoAttemptedCount":1,"videoDownloadedCount":1,"videoFailedCount":0,"noVideoCount":3,"durationMs":45327,"msg":"WORKER_SUMMARY"}
{"level":30,"time":"18:56:39.863","app":"NewsCrawlerMaster","logger":"Worker-tuoitre-vn","seedUrl":"https://tuoitre.vn","source":"tuoitre.vn","foundCount":4,"scannedCount":4,"savedCount":4,"existingCount":0,"extractFailedCount":0,"videoAttemptedCount":0,"videoDownloadedCount":0,"videoFailedCount":0,"noVideoCount":4,"durationMs":53676,"msg":"WORKER_SUMMARY"}
{"level":30,"time":"18:57:24.446","app":"NewsCrawlerMaster","logger":"NewsCrawl","newsId":318,"filePath":"d:\\React_Native\\Demo\\NewsCrawler\\data\\videos\\khach-philippines-cau-hon-ban-gai-tren-cau-treo-viet-nam-318.mp4","msg":"VIDEO_DOWNLOAD_SUCCESS"}
{"level":30,"time":"18:57:32.538","app":"NewsCrawlerMaster","logger":"NewsCrawl","newsId":330,"title":"Hai tàu Trung Quốc phải quay đầu tại eo biển Hormuz","videoUrl":"https://streaming.znews.vn/EBtWZdUfVxr5xK3FW552fw:8/1774724244/znews/video/2026/03/27/phuonglinh1/Israel_bombs_heart_of_Tehran_as_Trump_mulls_10_000_more_ground_troops_PHOTOS_RT_World_News/1080/index.m3u8","filePath":"d:\\React_Native\\Demo\\NewsCrawler\\data\\videos\\hai-tau-trung-quoc-phai-quay-dau-tai-eo-bien-hormuz-330.mp4","msg":"VIDEO_DOWNLOAD_START"}
{"level":30,"time":"18:57:36.235","app":"NewsCrawlerMaster","logger":"NewsCrawl","newsId":330,"filePath":"d:\\React_Native\\Demo\\NewsCrawler\\data\\videos\\hai-tau-trung-quoc-phai-quay-dau-tai-eo-bien-hormuz-330.mp4","msg":"VIDEO_DOWNLOAD_SUCCESS"}
{"level":30,"time":"18:57:44.580","app":"NewsCrawlerMaster","logger":"Worker-zingnews-vn","seedUrl":"https://zingnews.vn","source":"zingnews","foundCount":4,"scannedCount":4,"savedCount":4,"existingCount":0,"extractFailedCount":0,"videoAttemptedCount":2,"videoDownloadedCount":2,"videoFailedCount":0,"noVideoCount":2,"durationMs":118637,"msg":"WORKER_SUMMARY"}
{"level":30,"time":"18:57:44.581","app":"NewsCrawlerMaster","logger":"MasterWorker","workers":5,"foundCount":20,"savedCount":16,"existingCount":4,"videoAttemptedCount":7,"videoDownloadedCount":7,"videoFailedCount":0,"noVideoCount":9,"durationMs":295328,"msg":"MASTER_SUMMARY"}
{"level":30,"time":"18:58:17.628","app":"NewsCrawlerMaster","logger":"Bootstrap","dbName":"vn_express_news","logFile":"D:\\React_Native\\Demo\\NewsCrawler\\data\\logs\\news-crawler-2026-03-28.log","msg":"BOOTSTRAP_READY"}
{"level":30,"time":"18:58:17.629","app":"NewsCrawlerMaster","logger":"MasterWorker","enabled":true,"seedsCount":5,"msg":"MASTER_WORKER_STARTING"}
{"level":30,"time":"18:58:17.630","app":"NewsCrawlerMaster","logger":"MasterWorker","totalSeeds":5,"perWorkerLimit":4,"msg":"MASTER_WORKERS_PLAN"}
{"level":30,"time":"18:58:17.630","app":"NewsCrawlerMaster","logger":"MasterWorker","seedUrl":"https://vnexpress.net/the-gioi","perWorkerLimit":4,"msg":"SPAWNED_WORKER_FOR_SEED"}
{"level":30,"time":"18:58:17.631","app":"NewsCrawlerMaster","logger":"MasterWorker","seedUrl":"https://dantri.com.vn","perWorkerLimit":4,"msg":"SPAWNED_WORKER_FOR_SEED"}
{"level":30,"time":"18:58:17.631","app":"NewsCrawlerMaster","logger":"MasterWorker","seedUrl":"https://tuoitre.vn","perWorkerLimit":4,"msg":"SPAWNED_WORKER_FOR_SEED"}
{"level":30,"time":"18:58:17.632","app":"NewsCrawlerMaster","logger":"MasterWorker","seedUrl":"https://thanhnien.vn","perWorkerLimit":4,"msg":"SPAWNED_WORKER_FOR_SEED"}
{"level":30,"time":"18:58:17.632","app":"NewsCrawlerMaster","logger":"MasterWorker","seedUrl":"https://zingnews.vn","perWorkerLimit":4,"msg":"SPAWNED_WORKER_FOR_SEED"}
{"level":30,"time":"18:58:17.741","app":"NewsCrawlerMaster","logger":"Worker-tuoitre-vn","crawlInterval":3600,"cleanupInterval":3600,"seedUrl":"https://tuoitre.vn","msg":"CRAWLER_WORKER_STARTED"}
{"level":30,"time":"18:58:17.742","app":"NewsCrawlerMaster","logger":"Worker-thanhnien-vn","crawlInterval":3600,"cleanupInterval":3600,"seedUrl":"https://thanhnien.vn","msg":"CRAWLER_WORKER_STARTED"}
{"level":30,"time":"18:58:17.742","app":"NewsCrawlerMaster","logger":"Worker-dantri-com-vn","crawlInterval":3600,"cleanupInterval":3600,"seedUrl":"https://dantri.com.vn","msg":"CRAWLER_WORKER_STARTED"}
{"level":30,"time":"18:58:17.745","app":"NewsCrawlerMaster","logger":"Worker-tuoitre-vn","seedUrl":"https://tuoitre.vn","msg":"CRAWL_CYCLE_START"}
{"level":30,"time":"18:58:17.746","app":"NewsCrawlerMaster","logger":"Worker-thanhnien-vn","seedUrl":"https://thanhnien.vn","msg":"CRAWL_CYCLE_START"}
{"level":30,"time":"18:58:17.747","app":"NewsCrawlerMaster","logger":"Worker-dantri-com-vn","seedUrl":"https://dantri.com.vn","msg":"CRAWL_CYCLE_START"}
{"level":30,"time":"18:58:17.752","app":"NewsCrawlerMaster","logger":"NewsCrawl","seedUrl":"https://tuoitre.vn","categoryId":10,"categorySlug":"home","msg":"CATEGORY_RESOLVED"}
{"level":30,"time":"18:58:17.753","app":"NewsCrawlerMaster","logger":"NewsCrawl","seedUrl":"https://thanhnien.vn","categoryId":8,"categorySlug":"home","msg":"CATEGORY_RESOLVED"}
{"level":30,"time":"18:58:17.754","app":"NewsCrawlerMaster","logger":"NewsCrawl","seedUrl":"https://dantri.com.vn","categoryId":7,"categorySlug":"home","msg":"CATEGORY_RESOLVED"}
{"level":30,"time":"18:58:17.789","app":"NewsCrawlerMaster","logger":"Worker-vnexpress-net","crawlInterval":3600,"cleanupInterval":3600,"seedUrl":"https://vnexpress.net/the-gioi","msg":"CRAWLER_WORKER_STARTED"}
{"level":30,"time":"18:58:17.789","app":"NewsCrawlerMaster","logger":"Worker-zingnews-vn","crawlInterval":3600,"cleanupInterval":3600,"seedUrl":"https://zingnews.vn","msg":"CRAWLER_WORKER_STARTED"}
{"level":30,"time":"18:58:17.792","app":"NewsCrawlerMaster","logger":"Worker-vnexpress-net","seedUrl":"https://vnexpress.net/the-gioi","msg":"CRAWL_CYCLE_START"}
{"level":30,"time":"18:58:17.793","app":"NewsCrawlerMaster","logger":"Worker-zingnews-vn","seedUrl":"https://zingnews.vn","msg":"CRAWL_CYCLE_START"}
{"level":30,"time":"18:58:17.800","app":"NewsCrawlerMaster","logger":"NewsCrawl","seedUrl":"https://vnexpress.net/the-gioi","categoryId":6,"categorySlug":"the-gioi","msg":"CATEGORY_RESOLVED"}
{"level":30,"time":"18:58:17.800","app":"NewsCrawlerMaster","logger":"NewsCrawl","seedUrl":"https://zingnews.vn","categoryId":9,"categorySlug":"home","msg":"CATEGORY_RESOLVED"}
{"level":30,"time":"18:58:19.348","app":"NewsCrawlerMaster","logger":"NewsCrawl","seedUrl":"https://zingnews.vn","source":"zingnews","msg":"SEED_SCAN_START"}
{"level":30,"time":"18:58:20.983","app":"NewsCrawlerMaster","logger":"NewsCrawl","seedUrl":"https://tuoitre.vn","source":"tuoitre.vn","msg":"SEED_SCAN_START"}
{"level":30,"time":"18:58:20.984","app":"NewsCrawlerMaster","logger":"NewsCrawl","seedUrl":"https://vnexpress.net/the-gioi","source":"vnexpress.net","msg":"SEED_SCAN_START"}
{"level":30,"time":"18:58:21.073","app":"NewsCrawlerMaster","logger":"NewsCrawl","seedUrl":"https://dantri.com.vn","source":"dantri.com.vn","msg":"SEED_SCAN_START"}
{"level":30,"time":"18:58:21.093","app":"NewsCrawlerMaster","logger":"NewsCrawl","seedUrl":"https://thanhnien.vn","source":"thanhnien.vn","msg":"SEED_SCAN_START"}
{"level":30,"time":"18:58:22.715","app":"NewsCrawlerMaster","logger":"NewsCrawl","seedUrl":"https://zingnews.vn","source":"zingnews","found":4,"msg":"SEED_SCAN_DONE"}
{"level":30,"time":"18:58:26.786","app":"NewsCrawlerMaster","logger":"NewsCrawl","seedUrl":"https://thanhnien.vn","source":"thanhnien.vn","found":4,"msg":"SEED_SCAN_DONE"}
{"level":30,"time":"18:58:27.040","app":"NewsCrawlerMaster","logger":"NewsCrawl","seedUrl":"https://vnexpress.net/the-gioi","source":"vnexpress.net","found":4,"msg":"SEED_SCAN_DONE"}
{"level":30,"time":"18:58:27.277","app":"NewsCrawlerMaster","logger":"NewsCrawl","seedUrl":"https://dantri.com.vn","source":"dantri.com.vn","found":4,"msg":"SEED_SCAN_DONE"}
{"level":30,"time":"18:58:27.610","app":"NewsCrawlerMaster","logger":"NewsCrawl","seedUrl":"https://tuoitre.vn","source":"tuoitre.vn","found":4,"msg":"SEED_SCAN_DONE"}
{"level":30,"time":"18:58:32.886","app":"NewsCrawlerMaster","logger":"NewsCrawl","newsId":332,"title":"Hai tàu Trung Quốc phải quay đầu tại eo biển Hormuz","videoUrl":"https://streaming.znews.vn/IFBen3dmX7ofLWZdHTRb6w:8/1774724302/znews/video/2026/03/27/phuonglinh1/Israel_bombs_heart_of_Tehran_as_Trump_mulls_10_000_more_ground_troops_PHOTOS_RT_World_News/1080/index.m3u8","filePath":"d:\\React_Native\\Demo\\NewsCrawler\\data\\videos\\hai-tau-trung-quoc-phai-quay-dau-tai-eo-bien-hormuz-332.mp4","msg":"VIDEO_DOWNLOAD_START"}
{"level":30,"time":"18:58:38.722","app":"NewsCrawlerMaster","logger":"NewsCrawl","newsId":332,"filePath":"d:\\React_Native\\Demo\\NewsCrawler\\data\\videos\\hai-tau-trung-quoc-phai-quay-dau-tai-eo-bien-hormuz-332.mp4","msg":"VIDEO_DOWNLOAD_SUCCESS"}
{"level":30,"time":"18:58:39.175","app":"NewsCrawlerMaster","logger":"NewsCrawl","newsId":334,"title":"Sự thật về video bầy chó trốn kẻ trộm, tìm đường về nhà","videoUrl":"https://d1.vnecdn.net/vnexpress/video/video/web/mp4/,240p,,/2026/03/27/video-7-con-cho-tron-ke-trom-tim-duong-ve-nha-bi-boc-tran-1774602400/vne/master.m3u8","filePath":"d:\\React_Native\\Demo\\NewsCrawler\\data\\videos\\su-that-ve-video-bay-cho-tron-ke-trom-tim-duong-ve-nha-334.mp4","msg":"VIDEO_DOWNLOAD_START"}
{"level":30,"time":"18:58:41.159","app":"NewsCrawlerMaster","logger":"NewsCrawl","newsId":334,"filePath":"d:\\React_Native\\Demo\\NewsCrawler\\data\\videos\\su-that-ve-video-bay-cho-tron-ke-trom-tim-duong-ve-nha-334.mp4","msg":"VIDEO_DOWNLOAD_SUCCESS"}
{"level":30,"time":"18:58:48.785","app":"NewsCrawlerMaster","logger":"NewsCrawl","newsId":337,"title":"Mỹ điều 10.000 lính, Iran triển 1 triệu quân: Đổ bộ và đổ nhiều máu?","videoUrl":"https://streaming.znews.vn/BIyk7sS8lQ-txYPWY-fkOw:8/1774724318/znews/video/2026/03/27/phuonglinh1/Iran_phong_ten_lua_moi/1080/index.m3u8","filePath":"d:\\React_Native\\Demo\\NewsCrawler\\data\\videos\\my-dieu-10-000-linh-iran-trien-1-trieu-quan-do-bo-va-do-nhieu-mau-337.mp4","msg":"VIDEO_DOWNLOAD_START"}
{"level":30,"time":"18:58:56.128","app":"NewsCrawlerMaster","logger":"NewsCrawl","newsId":341,"title":"Arab Saudi - Ukraine ký thỏa thuận hợp tác quốc phòng","videoUrl":"https://d1.vnecdn.net/vnexpress/video/video/web/mp4/,240p,360p,480p,,/2026/03/27/arab-saudi-ukraine-ky-thoa-thuan-hop-tac-quoc-phong-1774620177/vne/master.m3u8","filePath":"d:\\React_Native\\Demo\\NewsCrawler\\data\\videos\\arab-saudi-ukraine-ky-thoa-thuan-hop-tac-quoc-phong-341.mp4","msg":"VIDEO_DOWNLOAD_START"}
{"level":30,"time":"18:59:00.270","app":"NewsCrawlerMaster","logger":"NewsCrawl","newsId":343,"title":"Các quỹ đầu tư Mỹ quan tâm Trung tâm Tài chính quốc tế của Việt Nam","videoUrl":"https://cl.imghosts.com/imgh/video/upload/ar_3:2,c_fill,w_680/videos/t/2026-03/439594/d1ef11d13883be8f18d3973902864c9a.mp4?v=1774637935-ZMXFL8axl4QXb6p4j3U-7JwfsvCKO7q-jkT_jC0e7ok","filePath":"d:\\React_Native\\Demo\\NewsCrawler\\data\\videos\\cac-quy-dau-tu-my-quan-tam-trung-tam-tai-chinh-quoc-te-cua-viet-nam-343.mp4","msg":"VIDEO_DOWNLOAD_START"}
{"level":30,"time":"18:59:01.495","app":"NewsCrawlerMaster","logger":"NewsCrawl","newsId":343,"filePath":"d:\\React_Native\\Demo\\NewsCrawler\\data\\videos\\cac-quy-dau-tu-my-quan-tam-trung-tam-tai-chinh-quoc-te-cua-viet-nam-343.mp4","msg":"VIDEO_DOWNLOAD_SUCCESS"}
{"level":30,"time":"18:59:06.055","app":"NewsCrawlerMaster","logger":"NewsCrawl","newsId":341,"filePath":"d:\\React_Native\\Demo\\NewsCrawler\\data\\videos\\arab-saudi-ukraine-ky-thoa-thuan-hop-tac-quoc-phong-341.mp4","msg":"VIDEO_DOWNLOAD_SUCCESS"}
{"level":30,"time":"18:59:14.933","app":"NewsCrawlerMaster","logger":"NewsCrawl","newsId":337,"filePath":"d:\\React_Native\\Demo\\NewsCrawler\\data\\videos\\my-dieu-10-000-linh-iran-trien-1-trieu-quan-do-bo-va-do-nhieu-mau-337.mp4","msg":"VIDEO_DOWNLOAD_SUCCESS"}
{"level":30,"time":"18:59:16.142","app":"NewsCrawlerMaster","logger":"NewsCrawl","newsId":346,"title":"Thẩm phán Anh khen Barron Trump 'cứu mạng bạn từ xa'","videoUrl":"https://content1.avplayer.com/5b59760c073ef46a2e6b8f13/videos/6822f7f24ba0ca83d609a423/hls/video.m3u8","filePath":"d:\\React_Native\\Demo\\NewsCrawler\\data\\videos\\tham-phan-anh-khen-barron-trump-cuu-mang-ban-tu-xa-346.mp4","msg":"VIDEO_DOWNLOAD_START"}
{"level":30,"time":"18:59:17.567","app":"NewsCrawlerMaster","logger":"Worker-dantri-com-vn","seedUrl":"https://dantri.com.vn","source":"dantri.com.vn","foundCount":4,"scannedCount":4,"savedCount":4,"existingCount":0,"extractFailedCount":0,"videoAttemptedCount":0,"videoDownloadedCount":0,"videoFailedCount":0,"noVideoCount":4,"durationMs":54408,"msg":"WORKER_SUMMARY"}
{"level":30,"time":"18:59:17.817","app":"NewsCrawlerMaster","logger":"Worker-thanhnien-vn","seedUrl":"https://thanhnien.vn","source":"thanhnien.vn","foundCount":4,"scannedCount":4,"savedCount":4,"existingCount":0,"extractFailedCount":0,"videoAttemptedCount":1,"videoDownloadedCount":1,"videoFailedCount":0,"noVideoCount":3,"durationMs":58641,"msg":"WORKER_SUMMARY"}
{"level":30,"time":"18:59:17.895","app":"NewsCrawlerMaster","logger":"Worker-tuoitre-vn","seedUrl":"https://tuoitre.vn","source":"tuoitre.vn","foundCount":4,"scannedCount":4,"savedCount":4,"existingCount":0,"extractFailedCount":0,"videoAttemptedCount":0,"videoDownloadedCount":0,"videoFailedCount":0,"noVideoCount":4,"durationMs":59430,"msg":"WORKER_SUMMARY"}
{"level":30,"time":"18:59:19.197","app":"NewsCrawlerMaster","logger":"NewsCrawl","newsId":346,"filePath":"d:\\React_Native\\Demo\\NewsCrawler\\data\\videos\\tham-phan-anh-khen-barron-trump-cuu-mang-ban-tu-xa-346.mp4","msg":"VIDEO_DOWNLOAD_SUCCESS"}
{"level":30,"time":"18:59:20.022","app":"NewsCrawlerMaster","logger":"NewsCrawl","newsId":349,"title":"Israel tuyên bố tập kích trung tâm sản xuất tên lửa, thủy lôi ở Iran","videoUrl":"https://d1.vnecdn.net/vnexpress/video/video/web/mp4/,240p,360p,480p,,/2026/03/27/dan-chum-roi-xuong-tel-aviv-1774604815/vne/master.m3u8","filePath":"d:\\React_Native\\Demo\\NewsCrawler\\data\\videos\\israel-tuyen-bo-tap-kich-trung-tam-san-xuat-ten-lua-thuy-loi-o-iran-349.mp4","msg":"VIDEO_DOWNLOAD_START"}
{"level":30,"time":"18:59:23.754","app":"NewsCrawlerMaster","logger":"NewsCrawl","newsId":349,"filePath":"d:\\React_Native\\Demo\\NewsCrawler\\data\\videos\\israel-tuyen-bo-tap-kich-trung-tam-san-xuat-ten-lua-thuy-loi-o-iran-349.mp4","msg":"VIDEO_DOWNLOAD_SUCCESS"}
{"level":30,"time":"18:59:24.427","app":"NewsCrawlerMaster","logger":"Worker-vnexpress-net","seedUrl":"https://vnexpress.net/the-gioi","source":"vnexpress.net","foundCount":4,"scannedCount":4,"savedCount":4,"existingCount":0,"extractFailedCount":0,"videoAttemptedCount":4,"videoDownloadedCount":4,"videoFailedCount":0,"noVideoCount":0,"durationMs":65967,"msg":"WORKER_SUMMARY"}
{"level":30,"time":"18:59:31.890","app":"NewsCrawlerMaster","logger":"Worker-zingnews-vn","seedUrl":"https://zingnews.vn","source":"zingnews","foundCount":4,"scannedCount":4,"savedCount":4,"existingCount":0,"extractFailedCount":0,"videoAttemptedCount":2,"videoDownloadedCount":2,"videoFailedCount":0,"noVideoCount":2,"durationMs":73849,"msg":"WORKER_SUMMARY"}
{"level":30,"time":"18:59:31.891","app":"NewsCrawlerMaster","logger":"MasterWorker","workers":5,"foundCount":20,"savedCount":20,"existingCount":0,"videoAttemptedCount":7,"videoDownloadedCount":7,"videoFailedCount":0,"noVideoCount":13,"durationMs":312295,"msg":"MASTER_SUMMARY"}
