{"level":30,"time":"02:34:23.637","app":"NewsCrawlerMaster","logger":"Bootstrap","dbName":"vn_express_news","logFile":"D:\\React_Native\\Demo\\NewsCrawler\\data\\logs\\news-crawler-2026-04-15.log","msg":"BOOTSTRAP_READY"}
{"level":30,"time":"02:34:23.639","app":"NewsCrawlerMaster","logger":"MasterWorker","enabled":false,"seedsCount":5,"msg":"MASTER_WORKER_STARTING"}
{"level":40,"time":"02:34:23.639","app":"NewsCrawlerMaster","logger":"MasterWorker","msg":"CRAWL_DISABLED_BY_CONFIG"}
{"level":30,"time":"04:39:52.211","app":"NewsCrawlerMaster","logger":"Bootstrap","dbName":"vn_express_news","logFile":"D:\\React_Native\\Demo\\NewsCrawler\\data\\logs\\news-crawler-2026-04-15.log","msg":"BOOTSTRAP_READY"}
{"level":30,"time":"04:39:52.213","app":"NewsCrawlerMaster","logger":"MasterWorker","enabled":true,"seedsCount":5,"msg":"MASTER_WORKER_STARTING"}
{"level":30,"time":"04:39:52.214","app":"NewsCrawlerMaster","logger":"MasterWorker","totalSeeds":5,"perWorkerLimit":4,"msg":"MASTER_WORKERS_PLAN"}
{"level":30,"time":"04:39:52.214","app":"NewsCrawlerMaster","logger":"Worker-vnexpress-net","crawlInterval":3600,"cleanupInterval":3600,"seedUrl":"https://vnexpress.net/the-gioi","msg":"CRAWLER_WORKER_STARTED"}
{"level":30,"time":"04:39:52.217","app":"NewsCrawlerMaster","logger":"MasterWorker","seedUrl":"https://vnexpress.net/the-gioi","perWorkerLimit":4,"msg":"SPAWNED_WORKER_FOR_SEED"}
{"level":30,"time":"04:39:52.218","app":"NewsCrawlerMaster","logger":"Worker-dantri-com-vn","crawlInterval":3600,"cleanupInterval":3600,"seedUrl":"https://dantri.com.vn","msg":"CRAWLER_WORKER_STARTED"}
{"level":30,"time":"04:39:52.219","app":"NewsCrawlerMaster","logger":"MasterWorker","seedUrl":"https://dantri.com.vn","perWorkerLimit":4,"msg":"SPAWNED_WORKER_FOR_SEED"}
{"level":30,"time":"04:39:52.219","app":"NewsCrawlerMaster","logger":"Worker-tuoitre-vn","crawlInterval":3600,"cleanupInterval":3600,"seedUrl":"https://tuoitre.vn","msg":"CRAWLER_WORKER_STARTED"}
{"level":30,"time":"04:39:52.220","app":"NewsCrawlerMaster","logger":"MasterWorker","seedUrl":"https://tuoitre.vn","perWorkerLimit":4,"msg":"SPAWNED_WORKER_FOR_SEED"}
{"level":30,"time":"04:39:52.220","app":"NewsCrawlerMaster","logger":"Worker-thanhnien-vn","crawlInterval":3600,"cleanupInterval":3600,"seedUrl":"https://thanhnien.vn","msg":"CRAWLER_WORKER_STARTED"}
{"level":30,"time":"04:39:52.221","app":"NewsCrawlerMaster","logger":"MasterWorker","seedUrl":"https://thanhnien.vn","perWorkerLimit":4,"msg":"SPAWNED_WORKER_FOR_SEED"}
{"level":30,"time":"04:39:52.221","app":"NewsCrawlerMaster","logger":"Worker-zingnews-vn","crawlInterval":3600,"cleanupInterval":3600,"seedUrl":"https://zingnews.vn","msg":"CRAWLER_WORKER_STARTED"}
{"level":30,"time":"04:39:52.222","app":"NewsCrawlerMaster","logger":"MasterWorker","seedUrl":"https://zingnews.vn","perWorkerLimit":4,"msg":"SPAWNED_WORKER_FOR_SEED"}
{"level":30,"time":"04:39:52.336","app":"NewsCrawlerMaster","logger":"Worker-dantri-com-vn","seedUrl":"https://dantri.com.vn","msg":"CRAWL_CYCLE_START"}
{"level":30,"time":"04:39:52.338","app":"NewsCrawlerMaster","logger":"Worker-thanhnien-vn","seedUrl":"https://thanhnien.vn","msg":"CRAWL_CYCLE_START"}
{"level":30,"time":"04:39:52.338","app":"NewsCrawlerMaster","logger":"Worker-zingnews-vn","seedUrl":"https://zingnews.vn","msg":"CRAWL_CYCLE_START"}
{"level":30,"time":"04:39:52.339","app":"NewsCrawlerMaster","logger":"Worker-vnexpress-net","seedUrl":"https://vnexpress.net/the-gioi","msg":"CRAWL_CYCLE_START"}
{"level":30,"time":"04:39:52.339","app":"NewsCrawlerMaster","logger":"Worker-tuoitre-vn","seedUrl":"https://tuoitre.vn","msg":"CRAWL_CYCLE_START"}
{"level":30,"time":"04:39:52.354","app":"NewsCrawlerMaster","logger":"NewsCrawl","seedUrl":"https://dantri.com.vn","categoryId":7,"categorySlug":"home","msg":"CATEGORY_RESOLVED"}
{"level":30,"time":"04:39:52.356","app":"NewsCrawlerMaster","logger":"NewsCrawl","seedUrl":"https://thanhnien.vn","categoryId":8,"categorySlug":"home","msg":"CATEGORY_RESOLVED"}
{"level":30,"time":"04:39:52.357","app":"NewsCrawlerMaster","logger":"NewsCrawl","seedUrl":"https://vnexpress.net/the-gioi","categoryId":6,"categorySlug":"the-gioi","msg":"CATEGORY_RESOLVED"}
{"level":30,"time":"04:39:52.357","app":"NewsCrawlerMaster","logger":"NewsCrawl","seedUrl":"https://zingnews.vn","categoryId":9,"categorySlug":"home","msg":"CATEGORY_RESOLVED"}
{"level":30,"time":"04:39:52.358","app":"NewsCrawlerMaster","logger":"NewsCrawl","seedUrl":"https://tuoitre.vn","categoryId":10,"categorySlug":"home","msg":"CATEGORY_RESOLVED"}
{"level":30,"time":"04:39:56.238","app":"NewsCrawlerMaster","logger":"NewsCrawl","seedUrl":"https://vnexpress.net/the-gioi","source":"vnexpress.net","msg":"SEED_SCAN_START"}
{"level":30,"time":"04:39:56.244","app":"NewsCrawlerMaster","logger":"NewsCrawl","seedUrl":"https://thanhnien.vn","source":"thanhnien.vn","msg":"SEED_SCAN_START"}
{"level":30,"time":"04:39:56.445","app":"NewsCrawlerMaster","logger":"NewsCrawl","seedUrl":"https://dantri.com.vn","source":"dantri.com.vn","msg":"SEED_SCAN_START"}
{"level":30,"time":"04:39:56.618","app":"NewsCrawlerMaster","logger":"NewsCrawl","seedUrl":"https://tuoitre.vn","source":"tuoitre.vn","msg":"SEED_SCAN_START"}
{"level":30,"time":"04:39:56.691","app":"NewsCrawlerMaster","logger":"NewsCrawl","seedUrl":"https://zingnews.vn","source":"zingnews","msg":"SEED_SCAN_START"}
{"level":30,"time":"04:40:08.176","app":"NewsCrawlerMaster","logger":"NewsCrawl","seedUrl":"https://zingnews.vn","source":"zingnews","found":4,"msg":"SEED_SCAN_DONE"}
{"level":30,"time":"04:40:11.352","app":"NewsCrawlerMaster","logger":"NewsCrawl","seedUrl":"https://vnexpress.net/the-gioi","source":"vnexpress.net","found":4,"msg":"SEED_SCAN_DONE"}
{"level":30,"time":"04:40:11.510","app":"NewsCrawlerMaster","logger":"NewsCrawl","seedUrl":"https://dantri.com.vn","source":"dantri.com.vn","found":4,"msg":"SEED_SCAN_DONE"}
{"level":30,"time":"04:40:12.491","app":"NewsCrawlerMaster","logger":"NewsCrawl","seedUrl":"https://thanhnien.vn","source":"thanhnien.vn","found":4,"msg":"SEED_SCAN_DONE"}
{"level":30,"time":"04:40:18.136","app":"NewsCrawlerMaster","logger":"NewsCrawl","seedUrl":"https://tuoitre.vn","source":"tuoitre.vn","found":4,"msg":"SEED_SCAN_DONE"}
{"level":30,"time":"04:40:59.223","app":"NewsCrawlerMaster","logger":"Worker-zingnews-vn","seedUrl":"https://zingnews.vn","source":"zingnews","foundCount":4,"scannedCount":4,"savedCount":4,"existingCount":0,"extractFailedCount":0,"videoAttemptedCount":0,"videoDownloadedCount":0,"videoFailedCount":0,"noVideoCount":4,"durationMs":58676,"msg":"WORKER_SUMMARY"}
{"level":30,"time":"04:40:59.611","app":"NewsCrawlerMaster","logger":"Worker-vnexpress-net","seedUrl":"https://vnexpress.net/the-gioi","source":"vnexpress.net","foundCount":4,"scannedCount":4,"savedCount":4,"existingCount":0,"extractFailedCount":0,"videoAttemptedCount":0,"videoDownloadedCount":0,"videoFailedCount":0,"noVideoCount":4,"durationMs":60261,"msg":"WORKER_SUMMARY"}
{"level":30,"time":"04:41:00.470","app":"NewsCrawlerMaster","logger":"Worker-dantri-com-vn","seedUrl":"https://dantri.com.vn","source":"dantri.com.vn","foundCount":4,"scannedCount":4,"savedCount":4,"existingCount":0,"extractFailedCount":0,"videoAttemptedCount":0,"videoDownloadedCount":0,"videoFailedCount":0,"noVideoCount":4,"durationMs":64514,"msg":"WORKER_SUMMARY"}
{"level":30,"time":"04:41:14.790","app":"NewsCrawlerMaster","logger":"NewsCrawl","newsId":410,"title":"Chuyến thăm của những thông điệp chiến lược","videoUrl":"https://video.adpushup.com/instream/content/travel/adgebra_exclusive2/hls.m3u8","filePath":"d:\\React_Native\\Demo\\NewsCrawler\\data\\videos\\chuyen-tham-cua-nhung-thong-diep-chien-luoc-410.mp4","msg":"VIDEO_DOWNLOAD_START"}
{"level":30,"time":"04:41:16.699","app":"NewsCrawlerMaster","logger":"Worker-thanhnien-vn","seedUrl":"https://thanhnien.vn","source":"thanhnien.vn","foundCount":4,"scannedCount":4,"savedCount":4,"existingCount":0,"extractFailedCount":0,"videoAttemptedCount":0,"videoDownloadedCount":0,"videoFailedCount":0,"noVideoCount":4,"durationMs":81741,"msg":"WORKER_SUMMARY"}
{"level":30,"time":"04:41:21.691","app":"NewsCrawlerMaster","logger":"NewsCrawl","newsId":410,"filePath":"d:\\React_Native\\Demo\\NewsCrawler\\data\\videos\\chuyen-tham-cua-nhung-thong-diep-chien-luoc-410.mp4","msg":"VIDEO_DOWNLOAD_SUCCESS"}
{"level":30,"time":"04:41:27.007","app":"NewsCrawlerMaster","logger":"NewsCrawl","newsId":411,"title":"Chọn nâng tầm quản lý hay cấm xích lô điện ở đô thị du lịch Nha Trang?","videoUrl":"https://video.adpushup.com/instream/content/travel/adgebra_exclusive2/hls.m3u8","filePath":"d:\\React_Native\\Demo\\NewsCrawler\\data\\videos\\chon-nang-tam-quan-ly-hay-cam-xich-lo-dien-o-do-thi-du-lich-nha-trang-411.mp4","msg":"VIDEO_DOWNLOAD_START"}
{"level":30,"time":"04:41:32.025","app":"NewsCrawlerMaster","logger":"NewsCrawl","newsId":411,"filePath":"d:\\React_Native\\Demo\\NewsCrawler\\data\\videos\\chon-nang-tam-quan-ly-hay-cam-xich-lo-dien-o-do-thi-du-lich-nha-trang-411.mp4","msg":"VIDEO_DOWNLOAD_SUCCESS"}
{"level":30,"time":"04:41:32.591","app":"NewsCrawlerMaster","logger":"Worker-tuoitre-vn","seedUrl":"https://tuoitre.vn","source":"tuoitre.vn","foundCount":4,"scannedCount":4,"savedCount":4,"existingCount":0,"extractFailedCount":0,"videoAttemptedCount":2,"videoDownloadedCount":2,"videoFailedCount":0,"noVideoCount":2,"durationMs":99686,"msg":"WORKER_SUMMARY"}
{"level":30,"time":"04:41:32.592","app":"NewsCrawlerMaster","logger":"MasterWorker","workers":5,"foundCount":20,"savedCount":20,"existingCount":0,"videoAttemptedCount":2,"videoDownloadedCount":2,"videoFailedCount":0,"noVideoCount":18,"durationMs":364878,"msg":"MASTER_SUMMARY"}
{"level":30,"time":"05:46:55.849","app":"NewsCrawlerMaster","logger":"Bootstrap","dbName":"vn_express_news","logFile":"D:\\React_Native\\Demo\\NewsCrawler\\data\\logs\\news-crawler-2026-04-15.log","msg":"BOOTSTRAP_READY"}
{"level":30,"time":"05:46:55.854","app":"NewsCrawlerMaster","logger":"MasterWorker","enabled":true,"seedsCount":5,"msg":"MASTER_WORKER_STARTING"}
{"level":30,"time":"05:46:55.855","app":"NewsCrawlerMaster","logger":"MasterWorker","totalSeeds":5,"perWorkerLimit":4,"msg":"MASTER_WORKERS_PLAN"}
{"level":30,"time":"05:46:55.855","app":"NewsCrawlerMaster","logger":"Worker-vnexpress-net","crawlInterval":3600,"cleanupInterval":3600,"seedUrl":"https://vnexpress.net/the-gioi","msg":"CRAWLER_WORKER_STARTED"}
{"level":30,"time":"05:46:55.863","app":"NewsCrawlerMaster","logger":"MasterWorker","seedUrl":"https://vnexpress.net/the-gioi","perWorkerLimit":4,"msg":"SPAWNED_WORKER_FOR_SEED"}
{"level":30,"time":"05:46:55.865","app":"NewsCrawlerMaster","logger":"Worker-dantri-com-vn","crawlInterval":3600,"cleanupInterval":3600,"seedUrl":"https://dantri.com.vn","msg":"CRAWLER_WORKER_STARTED"}
{"level":30,"time":"05:46:55.866","app":"NewsCrawlerMaster","logger":"MasterWorker","seedUrl":"https://dantri.com.vn","perWorkerLimit":4,"msg":"SPAWNED_WORKER_FOR_SEED"}
{"level":30,"time":"05:46:55.867","app":"NewsCrawlerMaster","logger":"Worker-tuoitre-vn","crawlInterval":3600,"cleanupInterval":3600,"seedUrl":"https://tuoitre.vn","msg":"CRAWLER_WORKER_STARTED"}
{"level":30,"time":"05:46:55.868","app":"NewsCrawlerMaster","logger":"MasterWorker","seedUrl":"https://tuoitre.vn","perWorkerLimit":4,"msg":"SPAWNED_WORKER_FOR_SEED"}
{"level":30,"time":"05:46:55.868","app":"NewsCrawlerMaster","logger":"Worker-thanhnien-vn","crawlInterval":3600,"cleanupInterval":3600,"seedUrl":"https://thanhnien.vn","msg":"CRAWLER_WORKER_STARTED"}
{"level":30,"time":"05:46:55.869","app":"NewsCrawlerMaster","logger":"MasterWorker","seedUrl":"https://thanhnien.vn","perWorkerLimit":4,"msg":"SPAWNED_WORKER_FOR_SEED"}
{"level":30,"time":"05:46:55.870","app":"NewsCrawlerMaster","logger":"Worker-zingnews-vn","crawlInterval":3600,"cleanupInterval":3600,"seedUrl":"https://zingnews.vn","msg":"CRAWLER_WORKER_STARTED"}
{"level":30,"time":"05:46:55.870","app":"NewsCrawlerMaster","logger":"MasterWorker","seedUrl":"https://zingnews.vn","perWorkerLimit":4,"msg":"SPAWNED_WORKER_FOR_SEED"}
{"level":30,"time":"05:46:55.949","app":"NewsCrawlerMaster","logger":"Worker-vnexpress-net","seedUrl":"https://vnexpress.net/the-gioi","msg":"CRAWL_CYCLE_START"}
{"level":30,"time":"05:46:55.950","app":"NewsCrawlerMaster","logger":"Worker-dantri-com-vn","seedUrl":"https://dantri.com.vn","msg":"CRAWL_CYCLE_START"}
{"level":30,"time":"05:46:55.951","app":"NewsCrawlerMaster","logger":"Worker-thanhnien-vn","seedUrl":"https://thanhnien.vn","msg":"CRAWL_CYCLE_START"}
{"level":30,"time":"05:46:55.952","app":"NewsCrawlerMaster","logger":"Worker-tuoitre-vn","seedUrl":"https://tuoitre.vn","msg":"CRAWL_CYCLE_START"}
{"level":30,"time":"05:46:55.953","app":"NewsCrawlerMaster","logger":"Worker-zingnews-vn","seedUrl":"https://zingnews.vn","msg":"CRAWL_CYCLE_START"}
{"level":30,"time":"05:46:55.970","app":"NewsCrawlerMaster","logger":"NewsCrawl","seedUrl":"https://vnexpress.net/the-gioi","categoryId":6,"categorySlug":"the-gioi","msg":"CATEGORY_RESOLVED"}
{"level":30,"time":"05:46:55.973","app":"NewsCrawlerMaster","logger":"NewsCrawl","seedUrl":"https://dantri.com.vn","categoryId":7,"categorySlug":"home","msg":"CATEGORY_RESOLVED"}
{"level":30,"time":"05:46:55.974","app":"NewsCrawlerMaster","logger":"NewsCrawl","seedUrl":"https://thanhnien.vn","categoryId":8,"categorySlug":"home","msg":"CATEGORY_RESOLVED"}
{"level":30,"time":"05:46:56.173","app":"NewsCrawlerMaster","logger":"NewsCrawl","seedUrl":"https://tuoitre.vn","categoryId":10,"categorySlug":"home","msg":"CATEGORY_RESOLVED"}
{"level":30,"time":"05:46:56.173","app":"NewsCrawlerMaster","logger":"NewsCrawl","seedUrl":"https://zingnews.vn","categoryId":9,"categorySlug":"home","msg":"CATEGORY_RESOLVED"}
{"level":30,"time":"05:47:02.949","app":"NewsCrawlerMaster","logger":"NewsCrawl","seedUrl":"https://zingnews.vn","source":"zingnews","msg":"SEED_SCAN_START"}
{"level":30,"time":"05:47:03.333","app":"NewsCrawlerMaster","logger":"NewsCrawl","seedUrl":"https://vnexpress.net/the-gioi","source":"vnexpress.net","msg":"SEED_SCAN_START"}
{"level":30,"time":"05:47:05.748","app":"NewsCrawlerMaster","logger":"NewsCrawl","seedUrl":"https://thanhnien.vn","source":"thanhnien.vn","msg":"SEED_SCAN_START"}
{"level":30,"time":"05:47:09.358","app":"NewsCrawlerMaster","logger":"NewsCrawl","seedUrl":"https://tuoitre.vn","source":"tuoitre.vn","msg":"SEED_SCAN_START"}
{"level":30,"time":"05:47:15.488","app":"NewsCrawlerMaster","logger":"NewsCrawl","seedUrl":"https://dantri.com.vn","source":"dantri.com.vn","msg":"SEED_SCAN_START"}
{"level":30,"time":"05:47:26.226","app":"NewsCrawlerMaster","logger":"NewsCrawl","seedUrl":"https://zingnews.vn","source":"zingnews","found":4,"msg":"SEED_SCAN_DONE"}
{"level":30,"time":"05:47:32.403","app":"NewsCrawlerMaster","logger":"NewsCrawl","seedUrl":"https://dantri.com.vn","source":"dantri.com.vn","found":4,"msg":"SEED_SCAN_DONE"}
{"level":30,"time":"05:47:35.471","app":"NewsCrawlerMaster","logger":"NewsCrawl","seedUrl":"https://thanhnien.vn","source":"thanhnien.vn","found":4,"msg":"SEED_SCAN_DONE"}
{"level":30,"time":"05:47:40.658","app":"NewsCrawlerMaster","logger":"NewsCrawl","seedUrl":"https://vnexpress.net/the-gioi","source":"vnexpress.net","found":4,"msg":"SEED_SCAN_DONE"}
{"level":30,"time":"05:47:43.624","app":"NewsCrawlerMaster","logger":"NewsCrawl","seedUrl":"https://tuoitre.vn","source":"tuoitre.vn","found":4,"msg":"SEED_SCAN_DONE"}
{"level":30,"time":"05:47:57.325","app":"NewsCrawlerMaster","logger":"NewsCrawl","newsId":414,"title":"Iran thu xác máy bay Mỹ tại sân bay dã chiến","videoUrl":"https://d1.vnecdn.net/vnexpress/video/video/web/mp4/,240p,,/2026/04/15/iran-thu-duoc-thiet-bi-tu-xac-may-bay-my-1776226031/vne/master.m3u8","filePath":"d:\\React_Native\\Demo\\NewsCrawler\\data\\videos\\iran-thu-xac-may-bay-my-tai-san-bay-da-chien-414.mp4","msg":"VIDEO_DOWNLOAD_START"}
{"level":30,"time":"05:47:59.898","app":"NewsCrawlerMaster","logger":"NewsCrawl","newsId":414,"filePath":"d:\\React_Native\\Demo\\NewsCrawler\\data\\videos\\iran-thu-xac-may-bay-my-tai-san-bay-da-chien-414.mp4","msg":"VIDEO_DOWNLOAD_SUCCESS"}
{"level":30,"time":"05:48:50.569","app":"NewsCrawlerMaster","logger":"Worker-zingnews-vn","seedUrl":"https://zingnews.vn","source":"zingnews","foundCount":4,"scannedCount":4,"savedCount":4,"existingCount":0,"extractFailedCount":0,"videoAttemptedCount":0,"videoDownloadedCount":0,"videoFailedCount":0,"noVideoCount":4,"durationMs":72462,"msg":"WORKER_SUMMARY"}
{"level":30,"time":"05:48:52.113","app":"NewsCrawlerMaster","logger":"Worker-dantri-com-vn","seedUrl":"https://dantri.com.vn","source":"dantri.com.vn","foundCount":4,"scannedCount":4,"savedCount":4,"existingCount":0,"extractFailedCount":0,"videoAttemptedCount":0,"videoDownloadedCount":0,"videoFailedCount":0,"noVideoCount":4,"durationMs":112408,"msg":"WORKER_SUMMARY"}
{"level":30,"time":"05:48:52.260","app":"NewsCrawlerMaster","logger":"Worker-vnexpress-net","seedUrl":"https://vnexpress.net/the-gioi","source":"vnexpress.net","foundCount":4,"scannedCount":4,"savedCount":4,"existingCount":0,"extractFailedCount":0,"videoAttemptedCount":1,"videoDownloadedCount":1,"videoFailedCount":0,"noVideoCount":3,"durationMs":110097,"msg":"WORKER_SUMMARY"}
{"level":30,"time":"05:48:54.071","app":"NewsCrawlerMaster","logger":"Worker-tuoitre-vn","seedUrl":"https://tuoitre.vn","source":"tuoitre.vn","foundCount":4,"scannedCount":4,"savedCount":4,"existingCount":0,"extractFailedCount":0,"videoAttemptedCount":0,"videoDownloadedCount":0,"videoFailedCount":0,"noVideoCount":4,"durationMs":111208,"msg":"WORKER_SUMMARY"}
{"level":30,"time":"05:48:55.678","app":"NewsCrawlerMaster","logger":"NewsCrawl","newsId":431,"title":"Vì sao văn bản của UBND xã Long Thành, tỉnh Đồng Nai gây xôn xao với luật sư?","videoUrl":"https://cl.imghosts.com/imgh/video/upload/ar_3:2,c_fill,w_680/videos/t/2024-10/876124/30a5648fc80c10d195553575c409c5ff.mp4?v=1776232131-S27G0CW6yEGD6cnjJxStx8bD6N_0heUjEqeP0KaxeMI","filePath":"d:\\React_Native\\Demo\\NewsCrawler\\data\\videos\\vi-sao-van-ban-cua-ubnd-xa-long-thanh-tinh-dong-nai-gay-xon-xao-voi-luat-su-431.mp4","msg":"VIDEO_DOWNLOAD_START"}
{"level":30,"time":"05:48:56.010","app":"NewsCrawlerMaster","logger":"NewsCrawl","newsId":431,"filePath":"d:\\React_Native\\Demo\\NewsCrawler\\data\\videos\\vi-sao-van-ban-cua-ubnd-xa-long-thanh-tinh-dong-nai-gay-xon-xao-voi-luat-su-431.mp4","msg":"VIDEO_DOWNLOAD_SUCCESS"}
{"level":30,"time":"05:48:56.720","app":"NewsCrawlerMaster","logger":"Worker-thanhnien-vn","seedUrl":"https://thanhnien.vn","source":"thanhnien.vn","foundCount":4,"scannedCount":4,"savedCount":4,"existingCount":0,"extractFailedCount":0,"videoAttemptedCount":1,"videoDownloadedCount":1,"videoFailedCount":0,"noVideoCount":3,"durationMs":120060,"msg":"WORKER_SUMMARY"}
{"level":30,"time":"05:48:56.721","app":"NewsCrawlerMaster","logger":"MasterWorker","workers":5,"foundCount":20,"savedCount":20,"existingCount":0,"videoAttemptedCount":2,"videoDownloadedCount":2,"videoFailedCount":0,"noVideoCount":18,"durationMs":526235,"msg":"MASTER_SUMMARY"}
