{"level":30,"time":"03:13:34.264","app":"NewsCrawlerMaster","logger":"Bootstrap","dbName":"vn_express_news","logFile":"D:\\React_Native\\Demo\\NewsCrawler\\data\\logs\\news-crawler-2026-03-31.log","msg":"BOOTSTRAP_READY"}
{"level":30,"time":"03:13:34.265","app":"NewsCrawlerMaster","logger":"MasterWorker","enabled":true,"seedsCount":5,"msg":"MASTER_WORKER_STARTING"}
{"level":30,"time":"03:13:34.266","app":"NewsCrawlerMaster","logger":"MasterWorker","totalSeeds":5,"perWorkerLimit":4,"msg":"MASTER_WORKERS_PLAN"}
{"level":30,"time":"03:13:34.267","app":"NewsCrawlerMaster","logger":"MasterWorker","seedUrl":"https://vnexpress.net/the-gioi","perWorkerLimit":4,"msg":"SPAWNED_WORKER_FOR_SEED"}
{"level":30,"time":"03:13:34.267","app":"NewsCrawlerMaster","logger":"MasterWorker","seedUrl":"https://dantri.com.vn","perWorkerLimit":4,"msg":"SPAWNED_WORKER_FOR_SEED"}
{"level":30,"time":"03:13:34.268","app":"NewsCrawlerMaster","logger":"MasterWorker","seedUrl":"https://tuoitre.vn","perWorkerLimit":4,"msg":"SPAWNED_WORKER_FOR_SEED"}
{"level":30,"time":"03:13:34.268","app":"NewsCrawlerMaster","logger":"MasterWorker","seedUrl":"https://thanhnien.vn","perWorkerLimit":4,"msg":"SPAWNED_WORKER_FOR_SEED"}
{"level":30,"time":"03:13:34.269","app":"NewsCrawlerMaster","logger":"MasterWorker","seedUrl":"https://zingnews.vn","perWorkerLimit":4,"msg":"SPAWNED_WORKER_FOR_SEED"}
{"level":30,"time":"03:13:34.306","app":"NewsCrawlerMaster","logger":"Worker-tuoitre-vn","crawlInterval":3600,"cleanupInterval":3600,"seedUrl":"https://tuoitre.vn","msg":"CRAWLER_WORKER_STARTED"}
{"level":30,"time":"03:13:34.312","app":"NewsCrawlerMaster","logger":"Worker-tuoitre-vn","seedUrl":"https://tuoitre.vn","msg":"CRAWL_CYCLE_START"}
{"level":30,"time":"03:13:34.324","app":"NewsCrawlerMaster","logger":"Worker-vnexpress-net","crawlInterval":3600,"cleanupInterval":3600,"seedUrl":"https://vnexpress.net/the-gioi","msg":"CRAWLER_WORKER_STARTED"}
{"level":30,"time":"03:13:34.325","app":"NewsCrawlerMaster","logger":"NewsCrawl","seedUrl":"https://tuoitre.vn","categoryId":10,"categorySlug":"home","msg":"CATEGORY_RESOLVED"}
{"level":30,"time":"03:13:34.326","app":"NewsCrawlerMaster","logger":"Worker-dantri-com-vn","crawlInterval":3600,"cleanupInterval":3600,"seedUrl":"https://dantri.com.vn","msg":"CRAWLER_WORKER_STARTED"}
{"level":30,"time":"03:13:34.326","app":"NewsCrawlerMaster","logger":"Worker-zingnews-vn","crawlInterval":3600,"cleanupInterval":3600,"seedUrl":"https://zingnews.vn","msg":"CRAWLER_WORKER_STARTED"}
{"level":30,"time":"03:13:34.326","app":"NewsCrawlerMaster","logger":"Worker-thanhnien-vn","crawlInterval":3600,"cleanupInterval":3600,"seedUrl":"https://thanhnien.vn","msg":"CRAWLER_WORKER_STARTED"}
{"level":30,"time":"03:13:34.391","app":"NewsCrawlerMaster","logger":"Worker-vnexpress-net","seedUrl":"https://vnexpress.net/the-gioi","msg":"CRAWL_CYCLE_START"}
{"level":30,"time":"03:13:34.392","app":"NewsCrawlerMaster","logger":"Worker-dantri-com-vn","seedUrl":"https://dantri.com.vn","msg":"CRAWL_CYCLE_START"}
{"level":30,"time":"03:13:34.393","app":"NewsCrawlerMaster","logger":"Worker-zingnews-vn","seedUrl":"https://zingnews.vn","msg":"CRAWL_CYCLE_START"}
{"level":30,"time":"03:13:34.393","app":"NewsCrawlerMaster","logger":"Worker-thanhnien-vn","seedUrl":"https://thanhnien.vn","msg":"CRAWL_CYCLE_START"}
{"level":30,"time":"03:13:34.398","app":"NewsCrawlerMaster","logger":"NewsCrawl","seedUrl":"https://dantri.com.vn","categoryId":7,"categorySlug":"home","msg":"CATEGORY_RESOLVED"}
{"level":30,"time":"03:13:34.398","app":"NewsCrawlerMaster","logger":"NewsCrawl","seedUrl":"https://vnexpress.net/the-gioi","categoryId":6,"categorySlug":"the-gioi","msg":"CATEGORY_RESOLVED"}
{"level":30,"time":"03:13:34.398","app":"NewsCrawlerMaster","logger":"NewsCrawl","seedUrl":"https://zingnews.vn","categoryId":9,"categorySlug":"home","msg":"CATEGORY_RESOLVED"}
{"level":30,"time":"03:13:34.406","app":"NewsCrawlerMaster","logger":"NewsCrawl","seedUrl":"https://thanhnien.vn","categoryId":8,"categorySlug":"home","msg":"CATEGORY_RESOLVED"}
{"level":30,"time":"03:13:37.070","app":"NewsCrawlerMaster","logger":"NewsCrawl","seedUrl":"https://thanhnien.vn","source":"thanhnien.vn","msg":"SEED_SCAN_START"}
{"level":30,"time":"03:13:37.083","app":"NewsCrawlerMaster","logger":"NewsCrawl","seedUrl":"https://dantri.com.vn","source":"dantri.com.vn","msg":"SEED_SCAN_START"}
{"level":30,"time":"03:13:37.121","app":"NewsCrawlerMaster","logger":"NewsCrawl","seedUrl":"https://vnexpress.net/the-gioi","source":"vnexpress.net","msg":"SEED_SCAN_START"}
{"level":30,"time":"03:13:37.147","app":"NewsCrawlerMaster","logger":"NewsCrawl","seedUrl":"https://zingnews.vn","source":"zingnews","msg":"SEED_SCAN_START"}
{"level":30,"time":"03:13:37.247","app":"NewsCrawlerMaster","logger":"NewsCrawl","seedUrl":"https://tuoitre.vn","source":"tuoitre.vn","msg":"SEED_SCAN_START"}
{"level":30,"time":"03:13:45.198","app":"NewsCrawlerMaster","logger":"NewsCrawl","seedUrl":"https://vnexpress.net/the-gioi","source":"vnexpress.net","found":4,"msg":"SEED_SCAN_DONE"}
{"level":30,"time":"03:13:45.827","app":"NewsCrawlerMaster","logger":"NewsCrawl","seedUrl":"https://zingnews.vn","source":"zingnews","found":4,"msg":"SEED_SCAN_DONE"}
{"level":30,"time":"03:13:46.754","app":"NewsCrawlerMaster","logger":"NewsCrawl","seedUrl":"https://dantri.com.vn","source":"dantri.com.vn","found":4,"msg":"SEED_SCAN_DONE"}
{"level":30,"time":"03:13:47.921","app":"NewsCrawlerMaster","logger":"NewsCrawl","seedUrl":"https://thanhnien.vn","source":"thanhnien.vn","found":4,"msg":"SEED_SCAN_DONE"}
{"level":30,"time":"03:13:51.484","app":"NewsCrawlerMaster","logger":"NewsCrawl","seedUrl":"https://tuoitre.vn","source":"tuoitre.vn","found":4,"msg":"SEED_SCAN_DONE"}
{"level":30,"time":"03:14:01.220","app":"NewsCrawlerMaster","logger":"NewsCrawl","newsId":355,"title":"Cuộc đua ghế xoay ở Nhật Bản","videoUrl":"https://d1.vnecdn.net/vnexpress/video/video/web/mp4/,240p,360p,,/2026/03/30/dua-ghe-xoay-o-nhat-ban-1774861702/vne/master.m3u8","filePath":"d:\\React_Native\\Demo\\NewsCrawler\\data\\videos\\cuoc-dua-ghe-xoay-o-nhat-ban-355.mp4","msg":"VIDEO_DOWNLOAD_START"}
{"level":30,"time":"03:14:04.328","app":"NewsCrawlerMaster","logger":"NewsCrawl","newsId":355,"filePath":"d:\\React_Native\\Demo\\NewsCrawler\\data\\videos\\cuoc-dua-ghe-xoay-o-nhat-ban-355.mp4","msg":"VIDEO_DOWNLOAD_SUCCESS"}
{"level":30,"time":"03:14:13.893","app":"NewsCrawlerMaster","logger":"NewsCrawl","newsId":359,"title":"Ông Netanyahu 'né' Iran, chuyển dòng dầu khí toàn khu vực","videoUrl":"https://streaming.znews.vn/nuxXiv-88XRZjBC8OUsl8w:8/1775013244/znews/video/2026/03/31/phuonglinh1/6D7aA/480/index.m3u8","filePath":"d:\\React_Native\\Demo\\NewsCrawler\\data\\videos\\ong-netanyahu-ne-iran-chuyen-dong-dau-khi-toan-khu-vuc-359.mp4","msg":"VIDEO_DOWNLOAD_START"}
{"level":30,"time":"03:14:15.346","app":"NewsCrawlerMaster","logger":"NewsCrawl","newsId":359,"filePath":"d:\\React_Native\\Demo\\NewsCrawler\\data\\videos\\ong-netanyahu-ne-iran-chuyen-dong-dau-khi-toan-khu-vuc-359.mp4","msg":"VIDEO_DOWNLOAD_SUCCESS"}
{"level":30,"time":"03:14:28.766","app":"NewsCrawlerMaster","logger":"Worker-vnexpress-net","seedUrl":"https://vnexpress.net/the-gioi","source":"vnexpress.net","foundCount":4,"scannedCount":4,"savedCount":4,"existingCount":0,"extractFailedCount":0,"videoAttemptedCount":1,"videoDownloadedCount":1,"videoFailedCount":0,"noVideoCount":3,"durationMs":49667,"msg":"WORKER_SUMMARY"}
{"level":30,"time":"03:14:29.249","app":"NewsCrawlerMaster","logger":"Worker-zingnews-vn","seedUrl":"https://zingnews.vn","source":"zingnews","foundCount":4,"scannedCount":4,"savedCount":4,"existingCount":0,"extractFailedCount":0,"videoAttemptedCount":1,"videoDownloadedCount":1,"videoFailedCount":0,"noVideoCount":3,"durationMs":50251,"msg":"WORKER_SUMMARY"}
{"level":30,"time":"03:14:32.420","app":"NewsCrawlerMaster","logger":"Worker-dantri-com-vn","seedUrl":"https://dantri.com.vn","source":"dantri.com.vn","foundCount":4,"scannedCount":4,"savedCount":4,"existingCount":0,"extractFailedCount":0,"videoAttemptedCount":0,"videoDownloadedCount":0,"videoFailedCount":0,"noVideoCount":4,"durationMs":55156,"msg":"WORKER_SUMMARY"}
{"level":30,"time":"03:14:32.429","app":"NewsCrawlerMaster","logger":"NewsCrawl","newsId":369,"title":"Tân Chủ tịch Khánh Hòa nêu mục tiêu đưa tỉnh trở thành thành phố","videoUrl":"https://cl.imghosts.com/imgh/video/upload/ar_3:2,c_fill,w_680/videos/t/2026-03/945551/9b50e42bf197a1d89b6db74e076a29e6.mp4?v=1774926866-F4NzrYZvJTgyNk4sgdpXoWYaF0IomBBcwEhYw3CzSMI","filePath":"d:\\React_Native\\Demo\\NewsCrawler\\data\\videos\\tan-chu-tich-khanh-hoa-neu-muc-tieu-dua-tinh-tro-thanh-thanh-pho-369.mp4","msg":"VIDEO_DOWNLOAD_START"}
{"level":30,"time":"03:14:32.776","app":"NewsCrawlerMaster","logger":"NewsCrawl","newsId":369,"filePath":"d:\\React_Native\\Demo\\NewsCrawler\\data\\videos\\tan-chu-tich-khanh-hoa-neu-muc-tieu-dua-tinh-tro-thanh-thanh-pho-369.mp4","msg":"VIDEO_DOWNLOAD_SUCCESS"}
{"level":30,"time":"03:14:37.632","app":"NewsCrawlerMaster","logger":"NewsCrawl","newsId":370,"title":"Mở đường cho văn hóa cất cánh","videoUrl":"https://video.adpushup.com/instream/content/travel/adgebra_exclusive2/hls.m3u8","filePath":"d:\\React_Native\\Demo\\NewsCrawler\\data\\videos\\mo-duong-cho-van-hoa-cat-canh-370.mp4","msg":"VIDEO_DOWNLOAD_START"}
{"level":30,"time":"03:14:40.352","app":"NewsCrawlerMaster","logger":"NewsCrawl","newsId":371,"title":"Thời cơ lịch sử của kinh tế Việt Nam","videoUrl":"https://cdn.upremium.asia/uploads/videos/m3u8/2023/08/1693454887_clip-phong-canh/1693454887_clip-phong-canh.m3u8","filePath":"d:\\React_Native\\Demo\\NewsCrawler\\data\\videos\\thoi-co-lich-su-cua-kinh-te-viet-nam-371.mp4","msg":"VIDEO_DOWNLOAD_START"}
{"level":30,"time":"03:14:43.106","app":"NewsCrawlerMaster","logger":"NewsCrawl","newsId":370,"filePath":"d:\\React_Native\\Demo\\NewsCrawler\\data\\videos\\mo-duong-cho-van-hoa-cat-canh-370.mp4","msg":"VIDEO_DOWNLOAD_SUCCESS"}
{"level":30,"time":"03:14:43.550","app":"NewsCrawlerMaster","logger":"Worker-tuoitre-vn","seedUrl":"https://tuoitre.vn","source":"tuoitre.vn","foundCount":4,"scannedCount":4,"savedCount":4,"existingCount":0,"extractFailedCount":0,"videoAttemptedCount":1,"videoDownloadedCount":1,"videoFailedCount":0,"noVideoCount":3,"durationMs":68801,"msg":"WORKER_SUMMARY"}
{"level":30,"time":"03:14:46.190","app":"NewsCrawlerMaster","logger":"NewsCrawl","newsId":371,"filePath":"d:\\React_Native\\Demo\\NewsCrawler\\data\\videos\\thoi-co-lich-su-cua-kinh-te-viet-nam-371.mp4","msg":"VIDEO_DOWNLOAD_SUCCESS"}
{"level":30,"time":"03:14:46.506","app":"NewsCrawlerMaster","logger":"Worker-thanhnien-vn","seedUrl":"https://thanhnien.vn","source":"thanhnien.vn","foundCount":4,"scannedCount":4,"savedCount":4,"existingCount":0,"extractFailedCount":0,"videoAttemptedCount":2,"videoDownloadedCount":2,"videoFailedCount":0,"noVideoCount":2,"durationMs":71805,"msg":"WORKER_SUMMARY"}
{"level":30,"time":"03:14:46.507","app":"NewsCrawlerMaster","logger":"MasterWorker","workers":5,"foundCount":20,"savedCount":20,"existingCount":0,"videoAttemptedCount":5,"videoDownloadedCount":5,"videoFailedCount":0,"noVideoCount":15,"durationMs":295680,"msg":"MASTER_SUMMARY"}
{"level":30,"time":"03:24:02.868","app":"NewsCrawlerMaster","logger":"Bootstrap","dbName":"vn_express_news","logFile":"D:\\React_Native\\Demo\\NewsCrawler\\data\\logs\\news-crawler-2026-03-31.log","msg":"BOOTSTRAP_READY"}
{"level":30,"time":"03:24:02.869","app":"NewsCrawlerMaster","logger":"MasterWorker","enabled":true,"seedsCount":5,"msg":"MASTER_WORKER_STARTING"}
{"level":30,"time":"03:24:02.869","app":"NewsCrawlerMaster","logger":"MasterWorker","totalSeeds":5,"perWorkerLimit":4,"msg":"MASTER_WORKERS_PLAN"}
{"level":30,"time":"03:24:02.871","app":"NewsCrawlerMaster","logger":"MasterWorker","seedUrl":"https://vnexpress.net/the-gioi","perWorkerLimit":4,"msg":"SPAWNED_WORKER_FOR_SEED"}
{"level":30,"time":"03:24:02.871","app":"NewsCrawlerMaster","logger":"MasterWorker","seedUrl":"https://dantri.com.vn","perWorkerLimit":4,"msg":"SPAWNED_WORKER_FOR_SEED"}
{"level":30,"time":"03:24:02.872","app":"NewsCrawlerMaster","logger":"MasterWorker","seedUrl":"https://tuoitre.vn","perWorkerLimit":4,"msg":"SPAWNED_WORKER_FOR_SEED"}
{"level":30,"time":"03:24:02.873","app":"NewsCrawlerMaster","logger":"MasterWorker","seedUrl":"https://thanhnien.vn","perWorkerLimit":4,"msg":"SPAWNED_WORKER_FOR_SEED"}
{"level":30,"time":"03:24:02.873","app":"NewsCrawlerMaster","logger":"MasterWorker","seedUrl":"https://zingnews.vn","perWorkerLimit":4,"msg":"SPAWNED_WORKER_FOR_SEED"}
{"level":30,"time":"03:24:02.912","app":"NewsCrawlerMaster","logger":"Worker-tuoitre-vn","crawlInterval":3600,"cleanupInterval":3600,"seedUrl":"https://tuoitre.vn","msg":"CRAWLER_WORKER_STARTED"}
{"level":30,"time":"03:24:02.916","app":"NewsCrawlerMaster","logger":"Worker-tuoitre-vn","seedUrl":"https://tuoitre.vn","msg":"CRAWL_CYCLE_START"}
{"level":30,"time":"03:24:02.920","app":"NewsCrawlerMaster","logger":"Worker-vnexpress-net","crawlInterval":3600,"cleanupInterval":3600,"seedUrl":"https://vnexpress.net/the-gioi","msg":"CRAWLER_WORKER_STARTED"}
{"level":30,"time":"03:24:02.922","app":"NewsCrawlerMaster","logger":"NewsCrawl","seedUrl":"https://tuoitre.vn","categoryId":10,"categorySlug":"home","msg":"CATEGORY_RESOLVED"}
{"level":30,"time":"03:24:02.925","app":"NewsCrawlerMaster","logger":"Worker-vnexpress-net","seedUrl":"https://vnexpress.net/the-gioi","msg":"CRAWL_CYCLE_START"}
{"level":30,"time":"03:24:02.934","app":"NewsCrawlerMaster","logger":"Worker-dantri-com-vn","crawlInterval":3600,"cleanupInterval":3600,"seedUrl":"https://dantri.com.vn","msg":"CRAWLER_WORKER_STARTED"}
{"level":30,"time":"03:24:02.939","app":"NewsCrawlerMaster","logger":"NewsCrawl","seedUrl":"https://vnexpress.net/the-gioi","categoryId":6,"categorySlug":"the-gioi","msg":"CATEGORY_RESOLVED"}
{"level":30,"time":"03:24:02.939","app":"NewsCrawlerMaster","logger":"Worker-dantri-com-vn","seedUrl":"https://dantri.com.vn","msg":"CRAWL_CYCLE_START"}
{"level":30,"time":"03:24:02.940","app":"NewsCrawlerMaster","logger":"Worker-zingnews-vn","crawlInterval":3600,"cleanupInterval":3600,"seedUrl":"https://zingnews.vn","msg":"CRAWLER_WORKER_STARTED"}
{"level":30,"time":"03:24:02.940","app":"NewsCrawlerMaster","logger":"Worker-thanhnien-vn","crawlInterval":3600,"cleanupInterval":3600,"seedUrl":"https://thanhnien.vn","msg":"CRAWLER_WORKER_STARTED"}
{"level":30,"time":"03:24:02.950","app":"NewsCrawlerMaster","logger":"Worker-thanhnien-vn","seedUrl":"https://thanhnien.vn","msg":"CRAWL_CYCLE_START"}
{"level":30,"time":"03:24:02.950","app":"NewsCrawlerMaster","logger":"Worker-zingnews-vn","seedUrl":"https://zingnews.vn","msg":"CRAWL_CYCLE_START"}
{"level":30,"time":"03:24:02.951","app":"NewsCrawlerMaster","logger":"NewsCrawl","seedUrl":"https://dantri.com.vn","categoryId":7,"categorySlug":"home","msg":"CATEGORY_RESOLVED"}
{"level":30,"time":"03:24:02.962","app":"NewsCrawlerMaster","logger":"NewsCrawl","seedUrl":"https://zingnews.vn","categoryId":9,"categorySlug":"home","msg":"CATEGORY_RESOLVED"}
{"level":30,"time":"03:24:02.962","app":"NewsCrawlerMaster","logger":"NewsCrawl","seedUrl":"https://thanhnien.vn","categoryId":8,"categorySlug":"home","msg":"CATEGORY_RESOLVED"}
{"level":30,"time":"03:24:05.328","app":"NewsCrawlerMaster","logger":"NewsCrawl","seedUrl":"https://dantri.com.vn","source":"dantri.com.vn","msg":"SEED_SCAN_START"}
{"level":30,"time":"03:24:05.468","app":"NewsCrawlerMaster","logger":"NewsCrawl","seedUrl":"https://tuoitre.vn","source":"tuoitre.vn","msg":"SEED_SCAN_START"}
{"level":30,"time":"03:24:05.469","app":"NewsCrawlerMaster","logger":"NewsCrawl","seedUrl":"https://thanhnien.vn","source":"thanhnien.vn","msg":"SEED_SCAN_START"}
{"level":30,"time":"03:24:06.312","app":"NewsCrawlerMaster","logger":"NewsCrawl","seedUrl":"https://vnexpress.net/the-gioi","source":"vnexpress.net","msg":"SEED_SCAN_START"}
{"level":30,"time":"03:24:06.633","app":"NewsCrawlerMaster","logger":"NewsCrawl","seedUrl":"https://zingnews.vn","source":"zingnews","msg":"SEED_SCAN_START"}
{"level":30,"time":"03:24:15.502","app":"NewsCrawlerMaster","logger":"NewsCrawl","seedUrl":"https://zingnews.vn","source":"zingnews","found":4,"msg":"SEED_SCAN_DONE"}
{"level":30,"time":"03:24:16.096","app":"NewsCrawlerMaster","logger":"NewsCrawl","seedUrl":"https://vnexpress.net/the-gioi","source":"vnexpress.net","found":4,"msg":"SEED_SCAN_DONE"}
{"level":30,"time":"03:24:16.569","app":"NewsCrawlerMaster","logger":"NewsCrawl","seedUrl":"https://dantri.com.vn","source":"dantri.com.vn","found":4,"msg":"SEED_SCAN_DONE"}
{"level":30,"time":"03:24:18.900","app":"NewsCrawlerMaster","logger":"NewsCrawl","seedUrl":"https://thanhnien.vn","source":"thanhnien.vn","found":4,"msg":"SEED_SCAN_DONE"}
{"level":30,"time":"03:24:19.055","app":"NewsCrawlerMaster","logger":"NewsCrawl","seedUrl":"https://tuoitre.vn","source":"tuoitre.vn","found":4,"msg":"SEED_SCAN_DONE"}
{"level":30,"time":"03:24:58.766","app":"NewsCrawlerMaster","logger":"Worker-zingnews-vn","seedUrl":"https://zingnews.vn","source":"zingnews","foundCount":4,"scannedCount":4,"savedCount":0,"existingCount":4,"extractFailedCount":0,"videoAttemptedCount":0,"videoDownloadedCount":0,"videoFailedCount":0,"noVideoCount":0,"durationMs":48989,"msg":"WORKER_SUMMARY"}
{"level":30,"time":"03:24:59.432","app":"NewsCrawlerMaster","logger":"Worker-vnexpress-net","seedUrl":"https://vnexpress.net/the-gioi","source":"vnexpress.net","foundCount":4,"scannedCount":4,"savedCount":1,"existingCount":3,"extractFailedCount":0,"videoAttemptedCount":0,"videoDownloadedCount":0,"videoFailedCount":0,"noVideoCount":1,"durationMs":54143,"msg":"WORKER_SUMMARY"}
{"level":30,"time":"03:24:59.700","app":"NewsCrawlerMaster","logger":"Worker-thanhnien-vn","seedUrl":"https://thanhnien.vn","source":"thanhnien.vn","foundCount":4,"scannedCount":4,"savedCount":0,"existingCount":4,"extractFailedCount":0,"videoAttemptedCount":0,"videoDownloadedCount":0,"videoFailedCount":0,"noVideoCount":0,"durationMs":55525,"msg":"WORKER_SUMMARY"}
{"level":30,"time":"03:24:59.895","app":"NewsCrawlerMaster","logger":"Worker-dantri-com-vn","seedUrl":"https://dantri.com.vn","source":"dantri.com.vn","foundCount":4,"scannedCount":4,"savedCount":0,"existingCount":4,"extractFailedCount":0,"videoAttemptedCount":0,"videoDownloadedCount":0,"videoFailedCount":0,"noVideoCount":0,"durationMs":56026,"msg":"WORKER_SUMMARY"}
{"level":30,"time":"03:25:03.711","app":"NewsCrawlerMaster","logger":"Worker-tuoitre-vn","seedUrl":"https://tuoitre.vn","source":"tuoitre.vn","foundCount":4,"scannedCount":4,"savedCount":0,"existingCount":4,"extractFailedCount":0,"videoAttemptedCount":0,"videoDownloadedCount":0,"videoFailedCount":0,"noVideoCount":0,"durationMs":60287,"msg":"WORKER_SUMMARY"}
{"level":30,"time":"03:25:03.712","app":"NewsCrawlerMaster","logger":"MasterWorker","workers":5,"foundCount":20,"savedCount":1,"existingCount":19,"videoAttemptedCount":0,"videoDownloadedCount":0,"videoFailedCount":0,"noVideoCount":1,"durationMs":274970,"msg":"MASTER_SUMMARY"}
